测速日志 2025-08-02 22:51:29
[2025-08-02 22:51:30] ✅ 测速成功: http://116.9.204.242:9901/tsfile/live/0003_1.m3u8
   速度: 418.95KB/s | 数据量: 0.4KB | 总耗时: 0.47s
[2025-08-02 22:51:30] ✅ 测速成功: http://58.17.48.228:808/hls/3/index.m3u8
   速度: 234.38KB/s | 数据量: 0.2KB | 总耗时: 0.48s
[2025-08-02 22:51:30] ✅ 测速成功: http://112.99.193.34:9901/tsfile/live/1036_1.m3u8
   速度: 433.59KB/s | 数据量: 0.4KB | 总耗时: 0.56s
[2025-08-02 22:51:30] ✅ 测速成功: http://183.215.134.239:19901/tsfile/live/0003_1.m3u8
   速度: 418.95KB/s | 数据量: 0.4KB | 总耗时: 0.77s
[2025-08-02 22:51:30] ✅ 测速成功: http://183.237.95.108:9901/tsfile/live/1015_1.m3u8
   速度: 433.59KB/s | 数据量: 0.4KB | 总耗时: 0.88s
[2025-08-02 22:51:30] ✅ 测速成功: https://global.cgtn.cicc.media.caton.cloud/master/cgtn-america.m3u8
   速度: 221.68KB/s | 数据量: 0.2KB | 总耗时: 0.43s
[2025-08-02 22:51:30] ✅ 测速成功: http://116.9.204.242:9901/tsfile/live/0004_1.m3u8
   速度: 418.95KB/s | 数据量: 0.4KB | 总耗时: 1.04s
[2025-08-02 22:51:30] ✅ 测速成功: http://ak6668768.zicp.io:8802/live1003.m3u8
   速度: 219.73KB/s | 数据量: 0.2KB | 总耗时: 1.04s
[2025-08-02 22:51:30] ✅ 测速成功: http://ldcctvcpudtxy.liveplay.myqcloud.com/ldcctvcpud/udrmldcctv5_1_ud.m3u8
   速度: 441.41KB/s | 数据量: 0.4KB | 总耗时: 1.28s
[2025-08-02 22:51:30] ✅ 测速成功: http://58.17.48.228:808/hls/6/index.m3u8
   速度: 234.38KB/s | 数据量: 0.2KB | 总耗时: 0.46s
[2025-08-02 22:51:30] ✅ 测速成功: https://ldocctvwbcdtxy.liveplay.myqcloud.com/ldocctvwbcd/cdrmldcctv3_1/index.m3u8
   速度: 375.98KB/s | 数据量: 0.4KB | 总耗时: 1.39s
[2025-08-02 22:51:31] ✅ 测速成功: http://ak6668768.zicp.io:8805/live1006.m3u8
   速度: 219.73KB/s | 数据量: 0.2KB | 总耗时: 1.06s
[2025-08-02 22:51:31] ✅ 测速成功: http://42.225.117.174:11199/tsfile/live/0007_1.m3u8
   速度: 418.95KB/s | 数据量: 0.4KB | 总耗时: 0.53s
[2025-08-02 22:51:31] ✅ 测速成功: http://zzssw01.55555.io:9901/tsfile/live/0006_1.m3u8
   速度: 418.95KB/s | 数据量: 0.4KB | 总耗时: 1.08s
[2025-08-02 22:51:32] ✅ 测速成功: http://183.237.95.108:9901/tsfile/live/1018_1.m3u8
   速度: 433.59KB/s | 数据量: 0.4KB | 总耗时: 1.88s
[2025-08-02 22:51:32] ✅ 测速成功: http://zzssw01.55555.io:9901/tsfile/live/0008_1.m3u8
   速度: 418.95KB/s | 数据量: 0.4KB | 总耗时: 1.01s
[2025-08-02 22:51:32] ✅ 测速成功: http://183.215.134.239:19901/tsfile/live/0008_1.m3u8
   速度: 418.95KB/s | 数据量: 0.4KB | 总耗时: 0.82s
[2025-08-02 22:51:32] ✅ 测速成功: https://ldocctvwbcdtxy.liveplay.myqcloud.com/ldocctvwbcd/cdrmldcctv7_1_td.m3u8
   速度: 444.34KB/s | 数据量: 0.4KB | 总耗时: 1.72s
[2025-08-02 22:51:32] ✅ 测速成功: https://ldocctvwbcdbd.a.bdydns.com/ldocctvwbcd/cdrmldcctv8_1/index.m3u8
   速度: 444.34KB/s | 数据量: 0.4KB | 总耗时: 1.44s
[2025-08-02 22:51:32] ✅ 测速成功: http://58.17.48.228:808/hls/8/index.m3u8
   速度: 234.38KB/s | 数据量: 0.2KB | 总耗时: 0.46s
[2025-08-02 22:51:33] ✅ 测速成功: http://ak6668768.zicp.io:8807/live1008.m3u8
   速度: 219.73KB/s | 数据量: 0.2KB | 总耗时: 0.80s
[2025-08-02 22:51:33] ✅ 测速成功: https://ldocctvwbcdtxy.liveplay.myqcloud.com/ldocctvwbcd/cdrmldcctv8_1_hd.m3u8
   速度: 444.34KB/s | 数据量: 0.4KB | 总耗时: 0.96s
[2025-08-02 22:51:33] ✅ 测速成功: http://58.17.48.228:808/hls/9/index.m3u8
   速度: 234.38KB/s | 数据量: 0.2KB | 总耗时: 0.45s
[2025-08-02 22:51:33] ✅ 测速成功: http://42.225.117.174:11199/tsfile/live/0009_1.m3u8
   速度: 418.95KB/s | 数据量: 0.4KB | 总耗时: 0.59s
[2025-08-02 22:51:33] ✅ 测速成功: http://116.9.204.242:9901/tsfile/live/0001_1.m3u8
   速度: 418.95KB/s | 数据量: 0.4KB | 总耗时: 0.47s
[2025-08-02 22:51:33] ✅ 测速成功: http://1.180.2.93:9901/tsfile/live/1020_1.m3u8
   速度: 433.59KB/s | 数据量: 0.4KB | 总耗时: 0.53s
[2025-08-02 22:51:34] ✅ 测速成功: http://183.237.95.108:9901/tsfile/live/1020_1.m3u8
   速度: 433.59KB/s | 数据量: 0.4KB | 总耗时: 2.09s
[2025-08-02 22:51:34] ✅ 测速成功: http://58.17.48.228:808/hls/10/index.m3u8
   速度: 234.38KB/s | 数据量: 0.2KB | 总耗时: 0.46s
[2025-08-02 22:51:35] ✅ 测速成功: http://112.99.193.34:9901/tsfile/live/1017_1.m3u8
   速度: 433.59KB/s | 数据量: 0.4KB | 总耗时: 1.57s
[2025-08-02 22:51:36] ✅ 测速成功: http://42.225.117.174:11199/tsfile/live/0010_1.m3u8
   速度: 423.83KB/s | 数据量: 0.4KB | 总耗时: 0.56s
[2025-08-02 22:51:36] ✅ 测速成功: http://z.b.bkpcp.top/m.php
   速度: 1000.98KB/s | 数据量: 1.0KB | 总耗时: 3.51s
[2025-08-02 22:51:37] ✅ 测速成功: http://ak6668768.zicp.io:8810/live1011.m3u8
   速度: 219.73KB/s | 数据量: 0.2KB | 总耗时: 0.94s
[2025-08-02 22:51:37] ✅ 测速成功: http://116.9.204.242:9901/tsfile/live/0011_1.m3u8
   速度: 423.83KB/s | 数据量: 0.4KB | 总耗时: 0.47s
[2025-08-02 22:51:40] ✅ 测速成功: http://183.237.95.108:9901/tsfile/live/1023_1.m3u8
   速度: 433.59KB/s | 数据量: 0.4KB | 总耗时: 3.32s
[2025-08-02 22:51:40] ❌ 测速失败: http://z.b.bkpcp.top/m.php
   错误: ('Connection aborted.', ConnectionResetError(104, 'Connection reset by peer')) | 域名: z.b.bkpcp.top
[2025-08-02 22:51:41] ✅ 测速成功: http://116.9.204.242:9901/tsfile/live/0012_1.m3u8
   速度: 423.83KB/s | 数据量: 0.4KB | 总耗时: 0.48s
[2025-08-02 22:51:41] ✅ 测速成功: http://42.225.117.174:11199/tsfile/live/0012_1.m3u8
   速度: 423.83KB/s | 数据量: 0.4KB | 总耗时: 0.52s
[2025-08-02 22:51:43] ✅ 测速成功: http://tvbox6.icu/tv/migu.php
   速度: 161.86KB/s | 数据量: 837.2KB | 总耗时: 13.48s
[2025-08-02 22:51:43] ✅ 测速成功: http://tvbox6.icu/tv/migu.php
   速度: 73.73KB/s | 数据量: 383.9KB | 总耗时: 12.42s
[2025-08-02 22:51:43] ✅ 测速成功: http://tvbox6.icu/tv/migu.php
   速度: 88.47KB/s | 数据量: 464.1KB | 总耗时: 12.84s
[2025-08-02 22:51:43] ✅ 测速成功: http://tvbox6.icu/tv/migu.php
   速度: 80.05KB/s | 数据量: 432.1KB | 总耗时: 13.45s
[2025-08-02 22:51:43] ✅ 测速成功: http://tvbox6.icu/tv/migu.php
   速度: 87.64KB/s | 数据量: 448.1KB | 总耗时: 10.22s
[2025-08-02 22:51:43] ✅ 测速成功: http://ak6668768.zicp.io:8812/live1013.m3u8
   速度: 219.73KB/s | 数据量: 0.2KB | 总耗时: 0.48s
[2025-08-02 22:51:44] ✅ 测速成功: http://tvbox6.icu/tv/migu.php
   速度: 61.95KB/s | 数据量: 335.9KB | 总耗时: 10.21s
[2025-08-02 22:51:44] ✅ 测速成功: http://tvbox6.icu/tv/migu.php
   速度: 72.66KB/s | 数据量: 367.9KB | 总耗时: 13.70s
[2025-08-02 22:51:44] ✅ 测速成功: http://tvbox6.icu/tv/migu.php
   速度: 55.51KB/s | 数据量: 287.6KB | 总耗时: 9.61s
[2025-08-02 22:51:44] ✅ 测速成功: http://183.215.134.239:19901/tsfile/live/0013_1.m3u8
   速度: 423.83KB/s | 数据量: 0.4KB | 总耗时: 0.81s
[2025-08-02 22:51:44] ✅ 测速成功: http://116.9.204.242:9901/tsfile/live/0013_1.m3u8
   速度: 423.83KB/s | 数据量: 0.4KB | 总耗时: 1.52s
[2025-08-02 22:51:44] ✅ 测速成功: http://116.9.204.242:9901/tsfile/live/0014_1.m3u8
   速度: 423.83KB/s | 数据量: 0.4KB | 总耗时: 0.47s
[2025-08-02 22:51:44] ✅ 测速成功: http://42.225.117.174:11199/tsfile/live/0014_1.m3u8
   速度: 423.83KB/s | 数据量: 0.4KB | 总耗时: 0.47s
[2025-08-02 22:51:44] ✅ 测速成功: http://58.17.48.228:808/hls/14/index.m3u8
   速度: 234.38KB/s | 数据量: 0.2KB | 总耗时: 0.47s
[2025-08-02 22:51:44] ✅ 测速成功: https://jwplay.hebyun.com.cn/live/cctv13/1500k/tzwj_video.m3u8
   速度: 506.84KB/s | 数据量: 0.5KB | 总耗时: 1.41s
[2025-08-02 22:51:45] ✅ 测速成功: http://112.99.193.34:9901/tsfile/live/1020_1.m3u8
   速度: 433.59KB/s | 数据量: 0.4KB | 总耗时: 0.56s
[2025-08-02 22:51:45] ✅ 测速成功: http://42.225.117.174:11199/tsfile/live/0015_2.m3u8
   速度: 423.83KB/s | 数据量: 0.4KB | 总耗时: 0.55s
[2025-08-02 22:51:45] ✅ 测速成功: http://58.221.214.82:9901/tsfile/live/0002_2.m3u8
   速度: 418.95KB/s | 数据量: 0.4KB | 总耗时: 0.47s
[2025-08-02 22:51:45] ✅ 测速成功: http://116.9.204.242:9901/tsfile/live/0015_1.m3u8
   速度: 423.83KB/s | 数据量: 0.4KB | 总耗时: 1.18s
[2025-08-02 22:51:46] ✅ 测速成功: http://z.b.bkpcp.top/m.php
   速度: 1000.98KB/s | 数据量: 1.0KB | 总耗时: 2.12s
[2025-08-02 22:51:46] ✅ 测速成功: http://58.17.48.228:808/hls/25/index.m3u8
   速度: 234.38KB/s | 数据量: 0.2KB | 总耗时: 0.46s
[2025-08-02 22:51:46] ✅ 测速成功: http://58.221.214.82:9901/tsfile/live/0003_2.m3u8
   速度: 408.20KB/s | 数据量: 0.4KB | 总耗时: 0.47s
[2025-08-02 22:51:46] ✅ 测速成功: http://cntv.dfkj.live/bestv.php
   速度: 131.84KB/s | 数据量: 0.1KB | 总耗时: 1.20s
[2025-08-02 22:51:46] ✅ 测速成功: https://piccpndali.v.myalicdn.com/audio/cctv16_2.m3u8
   速度: 282.23KB/s | 数据量: 0.3KB | 总耗时: 0.81s
[2025-08-02 22:51:47] ✅ 测速成功: http://player.cntv.cn/standard/live_HLSDRM20180524.swf
   速度: 44427.97KB/s | 数据量: 2602.0KB | 总耗时: 0.85s
[2025-08-02 22:51:47] ❌ 测速失败: http://z.b.bkpcp.top/m.php
   错误: ('Connection aborted.', ConnectionResetError(104, 'Connection reset by peer')) | 域名: z.b.bkpcp.top
[2025-08-02 22:51:47] ✅ 测速成功: http://183.237.95.108:9901/tsfile/live/1096_1.m3u8
   速度: 422.85KB/s | 数据量: 0.4KB | 总耗时: 2.99s
[2025-08-02 22:51:47] ✅ 测速成功: http://cntv.dfkj.live/bestv.php
   速度: 131.84KB/s | 数据量: 0.1KB | 总耗时: 0.74s
[2025-08-02 22:51:47] ✅ 测速成功: http://116.9.204.242:9901/tsfile/live/0002_1.m3u8
   速度: 418.95KB/s | 数据量: 0.4KB | 总耗时: 0.48s
[2025-08-02 22:51:47] ❌ 测速失败: http://z.b.bkpcp.top/m.php
   错误: ('Connection aborted.', ConnectionResetError(104, 'Connection reset by peer')) | 域名: z.b.bkpcp.top
[2025-08-02 22:51:48] ✅ 测速成功: http://1.180.2.93:9901/tsfile/live/1027_1.m3u8
   速度: 433.59KB/s | 数据量: 0.4KB | 总耗时: 0.53s
[2025-08-02 22:51:48] ✅ 测速成功: http://ak6668768.zicp.io:8804/live1005.m3u8
   速度: 219.73KB/s | 数据量: 0.2KB | 总耗时: 0.47s
[2025-08-02 22:51:48] ✅ 测速成功: http://58.17.48.228:808/hls/5/index.m3u8
   速度: 234.38KB/s | 数据量: 0.2KB | 总耗时: 0.46s
[2025-08-02 22:51:48] ✅ 测速成功: http://42.225.117.174:11199/tsfile/live/0005_1.m3u8
   速度: 418.95KB/s | 数据量: 0.4KB | 总耗时: 0.52s
[2025-08-02 22:51:49] ✅ 测速成功: http://120.198.101.106:9901/tsfile/live/1030_1.m3u8
   速度: 412.11KB/s | 数据量: 0.4KB | 总耗时: 0.58s
[2025-08-02 22:51:49] ✅ 测速成功: http://tvbox6.icu/tv/migu.php
   速度: 80.13KB/s | 数据量: 432.1KB | 总耗时: 11.77s
[2025-08-02 22:51:49] ✅ 测速成功: https://ldocctvwbcdtxy.liveplay.myqcloud.com/ldocctvwbcd/cdrmldcctv2_1_ud.m3u8
   速度: 444.34KB/s | 数据量: 0.4KB | 总耗时: 2.03s
[2025-08-02 22:51:49] ✅ 测速成功: http://cntv.dfkj.live/bestv.php
   速度: 131.84KB/s | 数据量: 0.1KB | 总耗时: 0.96s
[2025-08-02 22:51:49] ✅ 测速成功: http://116.128.242.83:9901/tsfile/live/0005_1.m3u8
   速度: 408.20KB/s | 数据量: 0.4KB | 总耗时: 0.54s
[2025-08-02 22:51:49] ✅ 测速成功: http://58.221.214.82:9901/tsfile/live/0016_1.m3u8
   速度: 423.83KB/s | 数据量: 0.4KB | 总耗时: 0.49s
[2025-08-02 22:51:50] ✅ 测速成功: http://live.streamingfast.net/hls-live/goodtv/_definst_/liveevent/live-ch1-3.m3u8
   速度: 867.19KB/s | 数据量: 0.9KB | 总耗时: 0.43s
[2025-08-02 22:51:50] ✅ 测速成功: http://183.215.134.239:19901/tsfile/live/0005_1.m3u8
   速度: 418.95KB/s | 数据量: 0.4KB | 总耗时: 0.85s
[2025-08-02 22:51:50] ✅ 测速成功: http://58.221.214.82:9901/tsfile/live/0016_1.m3u8
   速度: 423.83KB/s | 数据量: 0.4KB | 总耗时: 1.15s
[2025-08-02 22:51:51] ✅ 测速成功: http://live.xmcdn.com/live/1678/64.m3u8
   速度: 467.77KB/s | 数据量: 0.5KB | 总耗时: 0.73s
[2025-08-02 22:51:51] ✅ 测速成功: http://123.146.162.24:8013/tslslive/noEX9SG/hls/live_sd.m3u8
   速度: 545.90KB/s | 数据量: 0.5KB | 总耗时: 0.50s
[2025-08-02 22:51:51] ✅ 测速成功: http://60.222.246.220:19433/hls1.m3u8
   速度: 0.80KB/s | 数据量: 0.2KB | 总耗时: 0.73s
[2025-08-02 22:51:52] ✅ 测速成功: http://stream5.jlntv.cn/df/sd/live.m3u8
   速度: 463.87KB/s | 数据量: 0.5KB | 总耗时: 1.21s
[2025-08-02 22:51:52] ✅ 测速成功: http://live.qthnews.org.cn:1935/live/live1/800k/tzwj_video.m3u8
   速度: 1.95KB/s | 数据量: 0.5KB | 总耗时: 2.42s
[2025-08-02 22:51:53] ✅ 测速成功: http://stream3.jlntv.cn:80/aac_dfgb/playlist.m3u8
   速度: 90.82KB/s | 数据量: 0.1KB | 总耗时: 1.17s
[2025-08-02 22:51:53] ✅ 测速成功: http://live.dxhmt.cn:9081/tv/11281-1.m3u8
   速度: 364.26KB/s | 数据量: 0.4KB | 总耗时: 0.86s
[2025-08-02 22:51:53] ✅ 测速成功: http://live.dxhmt.cn:9081/tv/11122-1.m3u8
   速度: 364.26KB/s | 数据量: 0.4KB | 总耗时: 0.93s
[2025-08-02 22:51:53] ✅ 测速成功: http://tvbox6.icu/tv/migu.php
   速度: 69.75KB/s | 数据量: 367.9KB | 总耗时: 9.08s
[2025-08-02 22:51:53] ✅ 测速成功: http://tvbox6.icu/tv/migu.php
   速度: 56.48KB/s | 数据量: 287.6KB | 总耗时: 10.09s
[2025-08-02 22:51:53] ✅ 测速成功: http://tvbox6.icu/tv/migu.php
   速度: 80.47KB/s | 数据量: 432.1KB | 总耗时: 12.18s
[2025-08-02 22:51:54] ✅ 测速成功: http://120.77.205.62:8087/rtp/239.253.43.57:5146
   速度: 786.13KB/s | 数据量: 0.8KB | 总耗时: 0.45s
[2025-08-02 22:51:54] ✅ 测速成功: http://tvfile.jyrmt.cn/nmip-media/channellive/channel104452/playlist.m3u8
   速度: 271.48KB/s | 数据量: 0.3KB | 总耗时: 0.98s
[2025-08-02 22:51:54] ✅ 测速成功: http://live.dxhmt.cn:9081/tv/11522-1.m3u8
   速度: 364.26KB/s | 数据量: 0.4KB | 总耗时: 0.73s
[2025-08-02 22:51:54] ✅ 测速成功: http://tvbox6.icu/tv/migu.php
   速度: 75.99KB/s | 数据量: 400.0KB | 总耗时: 9.91s
[2025-08-02 22:51:54] ✅ 测速成功: http://stream10.jlntv.cn/jiutaitv/sd/live.m3u8
   速度: 374.02KB/s | 数据量: 0.4KB | 总耗时: 1.41s
[2025-08-02 22:51:55] ✅ 测速成功: http://live.dxhmt.cn:9081/tv/10527-1.m3u8
   速度: 364.26KB/s | 数据量: 0.4KB | 总耗时: 0.80s
[2025-08-02 22:51:55] ✅ 测速成功: http://stream2.jlntv.cn/naxw/sd/live.m3u8
   速度: 471.68KB/s | 数据量: 0.5KB | 总耗时: 1.00s
[2025-08-02 22:51:55] ✅ 测速成功: http://tvfile.lzgbdst.com/nmip-media/channellive/channel106876/playlist.m3u8
   速度: 271.48KB/s | 数据量: 0.3KB | 总耗时: 0.66s
[2025-08-02 22:51:55] ✅ 测速成功: http://tvfile.lzgbdst.com/nmip-media/channellive/channel106876/playlist.m3u8
   速度: 271.48KB/s | 数据量: 0.3KB | 总耗时: 0.95s
[2025-08-02 22:51:55] ✅ 测速成功: https://jwcdnqx.hebyun.com.cn/live/xlzh/1500k/tzwj_video.m3u8
   速度: 508.79KB/s | 数据量: 0.5KB | 总耗时: 1.62s
[2025-08-02 22:51:55] ✅ 测速成功: http://live.dxhmt.cn:9081/tv/11325-1.m3u8
   速度: 0.47KB/s | 数据量: 0.4KB | 总耗时: 1.81s
[2025-08-02 22:51:55] ✅ 测速成功: http://live.xmcdn.com/live/305/64.m3u8
   速度: 462.89KB/s | 数据量: 0.5KB | 总耗时: 0.51s
[2025-08-02 22:51:56] ✅ 测速成功: http://stream3.jlntv.cn:80/aac_slgb/playlist.m3u8
   速度: 90.82KB/s | 数据量: 0.1KB | 总耗时: 0.67s
[2025-08-02 22:51:56] ✅ 测速成功: http://live.dxhmt.cn:9081/tv/10781-1.m3u8
   速度: 364.26KB/s | 数据量: 0.4KB | 总耗时: 0.73s
[2025-08-02 22:51:56] ✅ 测速成功: http://171.221.250.130:18888/27e684978eb642eeb90ab815f6cc51bf/c41893de5e8645b3b43aef1640859b0d.m3u8
   速度: 1.72KB/s | 数据量: 0.4KB | 总耗时: 0.76s
[2025-08-02 22:51:56] ✅ 测速成功: https://m3u8.channel.dzsm.com/nmip-media/channellive/channel105549/playlist.m3u8
   速度: 271.48KB/s | 数据量: 0.3KB | 总耗时: 1.20s
[2025-08-02 22:51:56] ✅ 测速成功: http://stream5.jlntv.cn/sl/sd/live.m3u8
   速度: 478.52KB/s | 数据量: 0.5KB | 总耗时: 0.64s
[2025-08-02 22:51:56] ✅ 测速成功: http://stream.hrbtv.net/xwzh/sd/live.m3u8
   速度: 356.45KB/s | 数据量: 0.4KB | 总耗时: 0.64s
[2025-08-02 22:51:56] ✅ 测速成功: http://pwpull.leshan.cn:80/live/21609091019110008654ed1a00000000/playlist.m3u8
   速度: 265.62KB/s | 数据量: 0.3KB | 总耗时: 3.85s
[2025-08-02 22:51:56] ✅ 测速成功: http://stream2.jlntv.cn/jilin1/sd/live.m3u8
   速度: 408.20KB/s | 数据量: 0.4KB | 总耗时: 0.81s
[2025-08-02 22:51:57] ✅ 测速成功: http://jrlive.jrntv.com/live/_definst_/jrxwzhs/playlist.m3u8
   速度: 4.55KB/s | 数据量: 0.1KB | 总耗时: 1.19s
[2025-08-02 22:51:57] ✅ 测速成功: http://live.pzhkai.com/xwzhtl/sd/live.m3u8
   速度: 242.19KB/s | 数据量: 0.2KB | 总耗时: 0.60s
[2025-08-02 22:51:57] ✅ 测速成功: https://stream.hrbtv.net/xwzh/playlist.m3u8
   速度: 67.38KB/s | 数据量: 0.1KB | 总耗时: 1.12s
[2025-08-02 22:51:57] ✅ 测速成功: http://p2.vzan.com/slowlive/596867413819827251/live.m3u8
   速度: 543.95KB/s | 数据量: 0.5KB | 总耗时: 0.98s
[2025-08-02 22:51:58] ✅ 测速成功: http://stream2.jlntv.cn/sptv/sd/live.m3u8
   速度: 408.20KB/s | 数据量: 0.4KB | 总耗时: 0.63s
[2025-08-02 22:51:58] ✅ 测速成功: https://m3u8channel-ms.yunxya.com:443/nmip-media/audiolive/audio100580/playlist.m3u8
   速度: 203.12KB/s | 数据量: 0.2KB | 总耗时: 2.01s
[2025-08-02 22:51:58] ✅ 测速成功: http://tvfile.jyrmt.cn:80/nmip-media/channellive/channel104452/playlist.m3u8
   速度: 271.48KB/s | 数据量: 0.3KB | 总耗时: 1.15s
[2025-08-02 22:51:58] ✅ 测速成功: https://m3u8channel.yunxya.com/nmip-media/channellive/channel100028/playlist.m3u8
   速度: 271.48KB/s | 数据量: 0.3KB | 总耗时: 1.79s
[2025-08-02 22:51:59] ✅ 测速成功: http://live.dxhmt.cn:9081/tv/11525-1.m3u8
   速度: 364.26KB/s | 数据量: 0.4KB | 总耗时: 1.51s
[2025-08-02 22:51:59] ✅ 测速成功: http://tvbox6.icu/tv/migu.php
   速度: 73.33KB/s | 数据量: 367.9KB | 总耗时: 12.79s
[2025-08-02 22:51:59] ✅ 测速成功: https://stream.hrbtv.net/zxpd/sd/live.m3u8
   速度: 370.12KB/s | 数据量: 0.4KB | 总耗时: 1.23s
[2025-08-02 22:51:59] ✅ 测速成功: http://tvbox6.icu/tv/migu.php
   速度: 142.23KB/s | 数据量: 740.0KB | 总耗时: 10.47s
[2025-08-02 22:51:59] ✅ 测速成功: http://play-sh.quklive.com/live/1672366847646284.m3u8
   速度: 477.54KB/s | 数据量: 0.5KB | 总耗时: 1.89s
[2025-08-02 22:52:00] ✅ 测速成功: https://p2.vzan.com/slowlive/596867413819827251/live.m3u8
   速度: 546.88KB/s | 数据量: 0.5KB | 总耗时: 1.04s
[2025-08-02 22:52:00] ✅ 测速成功: http://live.dxhmt.cn:9081/tv/10327-1.m3u8
   速度: 364.26KB/s | 数据量: 0.4KB | 总耗时: 0.46s
[2025-08-02 22:52:00] ✅ 测速成功: http://live.qthnews.org.cn:1935/live/live1/800k/tzwj_video.m3u8
   速度: 1.91KB/s | 数据量: 0.5KB | 总耗时: 1.90s
[2025-08-02 22:52:00] ✅ 测速成功: http://live.dxhmt.cn:9081/tv/10421-1.m3u8
   速度: 364.26KB/s | 数据量: 0.4KB | 总耗时: 0.93s
[2025-08-02 22:52:01] ✅ 测速成功: https://m3u8channel-bx.yunxya.com/nmip-media/channellive/channel104666/playlist.m3u8
   速度: 271.48KB/s | 数据量: 0.3KB | 总耗时: 1.80s
[2025-08-02 22:52:01] ✅ 测速成功: http://zb.gxlbamc.com:1935/live/lbzh.stream/playlist.m3u8
   速度: 0.57KB/s | 数据量: 0.1KB | 总耗时: 1.23s
[2025-08-02 22:52:01] ✅ 测速成功: http://live1.gatv.com.cn:85/live/GGPD_ggpdzm.m3u8
   速度: 0.99KB/s | 数据量: 0.3KB | 总耗时: 1.05s
[2025-08-02 22:52:01] ✅ 测速成功: http://live.ahsz.tv/video/s10001-szzh/index.m3u8
   速度: 349.58KB/s | 数据量: 1.2KB | 总耗时: 1.75s
[2025-08-02 22:52:01] ✅ 测速成功: https://m3u8channel-bx.yunxya.com/nmip-media/channellive/channel104666/playlist.m3u8
   速度: 271.48KB/s | 数据量: 0.3KB | 总耗时: 1.91s
[2025-08-02 22:52:02] ✅ 测速成功: http://live.ynurl.com/video/s10040-pbzh/index.m3u8
   速度: 0.00KB/s | 数据量: 0.0KB | 总耗时: 0.71s
[2025-08-02 22:52:02] ✅ 测速成功: http://live.dxhmt.cn:9081/tv/10325-1.m3u8
   速度: 364.26KB/s | 数据量: 0.4KB | 总耗时: 0.49s
[2025-08-02 22:52:02] ✅ 测速成功: https://m3u8.channel.dzsm.com/nmip-media/channellive/channel101257/playlist.m3u8
   速度: 271.48KB/s | 数据量: 0.3KB | 总耗时: 1.19s
[2025-08-02 22:52:02] ✅ 测速成功: http://p2.vzan.com/slowlive/596867413819827251/live.m3u8
   速度: 543.95KB/s | 数据量: 0.5KB | 总耗时: 3.58s
[2025-08-02 22:52:02] ✅ 测速成功: http://120.77.205.62:8087/rtp/239.253.43.71:5146
   速度: 786.13KB/s | 数据量: 0.8KB | 总耗时: 0.45s
[2025-08-02 22:52:02] ✅ 测速成功: https://m3u8.channel.dzsm.com/nmip-media/channellive/channel100999/playlist.m3u8
   速度: 271.48KB/s | 数据量: 0.3KB | 总耗时: 0.94s
[2025-08-02 22:52:02] ✅ 测速成功: http://stream2.jlntv.cn/jlyb/sd/live.m3u8
   速度: 403.32KB/s | 数据量: 0.4KB | 总耗时: 0.67s
[2025-08-02 22:52:03] ✅ 测速成功: http://live.ynurl.com/video/s10044-KYTV/index.m3u8
   速度: 0.00KB/s | 数据量: 0.0KB | 总耗时: 0.54s
[2025-08-02 22:52:03] ✅ 测速成功: http://live.daningtv.com/aac_dngb/playlist.m3u8
   速度: 67.38KB/s | 数据量: 0.1KB | 总耗时: 5.05s
[2025-08-02 22:52:03] ✅ 测速成功: http://live.dxhmt.cn:9081/tv/10181-1.m3u8
   速度: 364.26KB/s | 数据量: 0.4KB | 总耗时: 1.22s
[2025-08-02 22:52:03] ✅ 测速成功: http://kdfile.ganzitv.com/nmip-media/channellive/channel100663/playlist.m3u8
   速度: 265.62KB/s | 数据量: 0.3KB | 总耗时: 1.10s
[2025-08-02 22:52:03] ✅ 测速成功: http://live.dxhmt.cn:9081/tv/10200-2.m3u8
   速度: 323.24KB/s | 数据量: 0.3KB | 总耗时: 1.23s
[2025-08-02 22:52:03] ✅ 测速成功: http://live.dxhmt.cn:9081/tv/11621-1.m3u8
   速度: 364.26KB/s | 数据量: 0.4KB | 总耗时: 0.49s
[2025-08-02 22:52:03] ✅ 测速成功: https://live.pzhkai.com/xwzhtl/sd/live.m3u8
   速度: 242.19KB/s | 数据量: 0.2KB | 总耗时: 7.27s
[2025-08-02 22:52:03] ✅ 测速成功: http://3gvod.zjgonline.com.cn:1935/live/xinwenzonghe2/playlist.m3u8
   速度: 0.49KB/s | 数据量: 0.1KB | 总耗时: 1.02s
[2025-08-02 22:52:04] ✅ 测速成功: http://3gvod.zjgonline.com.cn:1935/live/_definst_/xinwenzonghe_app/chunklist.m3u8
   速度: 1.01KB/s | 数据量: 0.3KB | 总耗时: 1.15s
[2025-08-02 22:52:04] ✅ 测速成功: http://stream11.jlntv.cn/dehuitv/sd/live.m3u8
   速度: 369.14KB/s | 数据量: 0.4KB | 总耗时: 1.20s
[2025-08-02 22:52:04] ✅ 测速成功: http://live.pzhkai.com/xwzhtl/sd/live.m3u8
   速度: 242.19KB/s | 数据量: 0.2KB | 总耗时: 0.79s
[2025-08-02 22:52:04] ✅ 测速成功: http://scdytv.cn:1935/live/m_xwpd_livevideo/playlist.m3u8
   速度: 0.52KB/s | 数据量: 0.1KB | 总耗时: 1.23s
[2025-08-02 22:52:04] ✅ 测速成功: http://live.dxhmt.cn:9081/tv/11329-1.m3u8
   速度: 364.26KB/s | 数据量: 0.4KB | 总耗时: 0.52s
[2025-08-02 22:52:05] ✅ 测速成功: http://tvbox6.icu/tv/migu.php
   速度: 75.43KB/s | 数据量: 383.9KB | 总耗时: 18.27s
[2025-08-02 22:52:05] ✅ 测速成功: http://live.dxhmt.cn:9081/tv/11729-1.m3u8
   速度: 0.46KB/s | 数据量: 0.4KB | 总耗时: 1.42s
[2025-08-02 22:52:05] ✅ 测速成功: http://live.dxhmt.cn:9081/tv/10323-1.m3u8
   速度: 364.26KB/s | 数据量: 0.4KB | 总耗时: 1.54s
[2025-08-02 22:52:05] ✅ 测速成功: http://live.dxhmt.cn:9081/tv/11523-1.m3u8
   速度: 0.45KB/s | 数据量: 0.4KB | 总耗时: 1.75s
[2025-08-02 22:52:05] ✅ 测速成功: https://live.pzhkai.com/xwzhtl/sd/live.m3u8
   速度: 242.19KB/s | 数据量: 0.2KB | 总耗时: 2.17s
[2025-08-02 22:52:05] ✅ 测速成功: https://m3u8channel.yunxya.com/nmip-media/channellive/channel100028/playlist.m3u8
   速度: 271.48KB/s | 数据量: 0.3KB | 总耗时: 1.15s
[2025-08-02 22:52:05] ✅ 测速成功: https://live.pzhkai.com/xwzhtl/sd/live.m3u8
   速度: 242.19KB/s | 数据量: 0.2KB | 总耗时: 1.25s
[2025-08-02 22:52:05] ✅ 测速成功: http://live.ynurl.com/video/s10048TV/index.m3u8
   速度: 0.00KB/s | 数据量: 0.0KB | 总耗时: 0.47s
[2025-08-02 22:52:05] ✅ 测速成功: http://live.xmcdn.com/live/1845/64.m3u8
   速度: 467.77KB/s | 数据量: 0.5KB | 总耗时: 0.44s
[2025-08-02 22:52:06] ❌ 测速失败: http://tvfile.jjrm.org.cn/nmip-media/channellive/channel106282/playlist.m3u8
   错误: HTTPConnectionPool(host='tvfile.jjrm.org.cn', port=80): Read timed out. (read timeout=5) | 域名: tvfile.jjrm.org.cn
[2025-08-02 22:52:06] ✅ 测速成功: http://zb.gxlbamc.com:1935/live/lbzh.stream/playlist.m3u8
   速度: 0.56KB/s | 数据量: 0.1KB | 总耗时: 0.73s
[2025-08-02 22:52:06] ✅ 测速成功: http://p2.vzan.com/slowlive/596867413819827251/live.m3u8
   速度: 543.95KB/s | 数据量: 0.5KB | 总耗时: 1.75s
[2025-08-02 22:52:06] ✅ 测速成功: http://channel.wcrmt.cn:80/nmip-media/channellive/channel105268/playlist.m3u8
   速度: 265.62KB/s | 数据量: 0.3KB | 总耗时: 1.00s
[2025-08-02 22:52:06] ✅ 测速成功: http://jzlive.jztvnews.com:90/live/jzzh.m3u8
   速度: 1.14KB/s | 数据量: 0.2KB | 总耗时: 1.20s
[2025-08-02 22:52:06] ✅ 测速成功: https://m3u8.channel.dzsm.com/nmip-media/channellive/channel104601/playlist.m3u8
   速度: 265.62KB/s | 数据量: 0.3KB | 总耗时: 1.12s
[2025-08-02 22:52:06] ✅ 测速成功: https://m3u8.channel.dzsm.com/nmip-media/channellive/channel104601/playlist.m3u8
   速度: 265.62KB/s | 数据量: 0.3KB | 总耗时: 1.23s
[2025-08-02 22:52:06] ✅ 测速成功: http://stream3.jlntv.cn:80/aac_lhgb/sd/live.m3u8
   速度: 498.05KB/s | 数据量: 0.5KB | 总耗时: 0.66s
[2025-08-02 22:52:06] ✅ 测速成功: http://stream2.jlntv.cn/sytv/sd/live.m3u8
   速度: 471.68KB/s | 数据量: 0.5KB | 总耗时: 0.77s
[2025-08-02 22:52:06] ✅ 测速成功: http://stream5.jlntv.cn/lh/sd/live.m3u8
   速度: 463.87KB/s | 数据量: 0.5KB | 总耗时: 0.63s
[2025-08-02 22:52:06] ✅ 测速成功: https://xatv-yt.xiancity.cn/live/1/index.m3u8
   速度: 360.35KB/s | 数据量: 0.4KB | 总耗时: 2.62s
[2025-08-02 22:52:07] ✅ 测速成功: http://stream10.jlntv.cn/huadian/sd/live.m3u8
   速度: 369.14KB/s | 数据量: 0.4KB | 总耗时: 0.72s
[2025-08-02 22:52:07] ✅ 测速成功: http://stream3.jlntv.cn:80/aac_mhkgb/playlist.m3u8
   速度: 90.82KB/s | 数据量: 0.1KB | 总耗时: 0.78s
[2025-08-02 22:52:07] ✅ 测速成功: http://120.77.205.62:8087/rtp/239.253.43.30:5146
   速度: 786.13KB/s | 数据量: 0.8KB | 总耗时: 0.48s
[2025-08-02 22:52:07] ✅ 测速成功: http://60.220.198.84:81/0.m3u8
   速度: 0.66KB/s | 数据量: 0.2KB | 总耗时: 0.84s
[2025-08-02 22:52:07] ✅ 测速成功: http://live.ynurl.com/video/s10037-JCTV/index.m3u8
   速度: 0.00KB/s | 数据量: 0.0KB | 总耗时: 0.48s
[2025-08-02 22:52:07] ✅ 测速成功: http://live.ynurl.com/video/s10032-lhtv/index.m3u8
   速度: 0.00KB/s | 数据量: 0.0KB | 总耗时: 1.00s
[2025-08-02 22:52:07] ✅ 测速成功: http://stream4.jlntv.cn/mhk/sd/live.m3u8
   速度: 467.77KB/s | 数据量: 0.5KB | 总耗时: 1.17s
[2025-08-02 22:52:07] ✅ 测速成功: http://120.77.205.62:8087/rtp/239.77.0.195:5146
   速度: 786.13KB/s | 数据量: 0.8KB | 总耗时: 0.46s
[2025-08-02 22:52:08] ✅ 测速成功: http://live.dxhmt.cn:9081/tv/11481-1.m3u8
   速度: 0.47KB/s | 数据量: 0.4KB | 总耗时: 1.24s
[2025-08-02 22:52:08] ✅ 测速成功: http://stream5.jlntv.cn/wq/sd/live.m3u8
   速度: 463.87KB/s | 数据量: 0.5KB | 总耗时: 0.75s
[2025-08-02 22:52:08] ✅ 测速成功: http://stream9.jlntv.cn:80/aac_huadiangb/playlist.m3u8
   速度: 89.84KB/s | 数据量: 0.1KB | 总耗时: 2.14s
[2025-08-02 22:52:08] ✅ 测速成功: http://live.xmcdn.com/live/491/64.m3u8
   速度: 462.89KB/s | 数据量: 0.5KB | 总耗时: 0.59s
[2025-08-02 22:52:09] ✅ 测速成功: http://pili-live-rtmp.56.i2863.com/i2863-56/live_56_307317.m3u8
   速度: 253.91KB/s | 数据量: 0.3KB | 总耗时: 0.89s
[2025-08-02 22:52:09] ✅ 测速成功: http://stream1.mytaizhou.net/xwzh/playlist.m3u8
   速度: 89.84KB/s | 数据量: 0.1KB | 总耗时: 1.36s
[2025-08-02 22:52:09] ✅ 测速成功: https://tmpstream.hyrtv.cn/xwzh/sd/live.m3u8
   速度: 356.45KB/s | 数据量: 0.4KB | 总耗时: 1.65s
[2025-08-02 22:52:09] ✅ 测速成功: http://live.shaoxing.com.cn/video/s10001-sxtv1/index.m3u8
   速度: 681.64KB/s | 数据量: 0.7KB | 总耗时: 0.76s
[2025-08-02 22:52:09] ✅ 测速成功: http://live.dxhmt.cn:9081/tv/10882-1.m3u8
   速度: 364.26KB/s | 数据量: 0.4KB | 总耗时: 1.70s
[2025-08-02 22:52:09] ✅ 测速成功: http://120.55.49.231:3095/rtp/233.50.201.173:5140
   速度: 213.45KB/s | 数据量: 207.1KB | 总耗时: 3.46s
[2025-08-02 22:52:09] ✅ 测速成功: http://live.dxhmt.cn:9081/tv/11726-1.m3u8
   速度: 364.26KB/s | 数据量: 0.4KB | 总耗时: 1.70s
[2025-08-02 22:52:09] ✅ 测速成功: http://220.180.124.18:888/live/ch0.m3u8
   速度: 384.77KB/s | 数据量: 0.4KB | 总耗时: 0.53s
[2025-08-02 22:52:09] ✅ 测速成功: http://58.19.133.144:9901
   速度: 2254.88KB/s | 数据量: 2.3KB | 总耗时: 0.50s
[2025-08-02 22:52:10] ✅ 测速成功: https://lishui-tv-hls.cm.jstv.com/lishui-tv/lsxwzh.m3u8
   速度: 247.07KB/s | 数据量: 0.2KB | 总耗时: 0.75s
[2025-08-02 22:52:10] ✅ 测速成功: http://lishui-tv-hls.cm.jstv.com/lishui-tv/lsxwzh.m3u8
   速度: 246.09KB/s | 数据量: 0.2KB | 总耗时: 0.77s
[2025-08-02 22:52:10] ✅ 测速成功: https://m3u8channel-sm.yunxya.com/nmip-media/channellive/channel100420/playlist.m3u8
   速度: 271.48KB/s | 数据量: 0.3KB | 总耗时: 2.34s
[2025-08-02 22:52:10] ✅ 测速成功: http://live.dxhmt.cn:9081/tv/10825-1.m3u8
   速度: 364.26KB/s | 数据量: 0.4KB | 总耗时: 0.96s
[2025-08-02 22:52:10] ✅ 测速成功: http://live.dxhmt.cn:9081/tv/11526-1.m3u8
   速度: 364.26KB/s | 数据量: 0.4KB | 总耗时: 0.50s
[2025-08-02 22:52:10] ✅ 测速成功: https://tvpull.smartwq.cn/wqlive/convergencemedia/playlist.m3u8
   速度: 212.89KB/s | 数据量: 0.2KB | 总耗时: 3.82s
[2025-08-02 22:52:10] ✅ 测速成功: http://218.84.127.245:1026/hls/main1/playlist.m3u8
   速度: 232.42KB/s | 数据量: 0.2KB | 总耗时: 0.56s
[2025-08-02 22:52:10] ✅ 测速成功: http://live.dxhmt.cn:9081/tv/11282-1.m3u8
   速度: 364.26KB/s | 数据量: 0.4KB | 总耗时: 0.78s
[2025-08-02 22:52:10] ✅ 测速成功: http://183.230.184.51:65500/tntv1.m3u8
   速度: 0.48KB/s | 数据量: 0.1KB | 总耗时: 0.80s
[2025-08-02 22:52:10] ✅ 测速成功: http://live.dxhmt.cn:9081/tv/11221-1.m3u8
   速度: 364.26KB/s | 数据量: 0.4KB | 总耗时: 1.67s
[2025-08-02 22:52:10] ✅ 测速成功: http://live.ynurl.com/video/s10021-rltv/index.m3u8
   速度: 0.00KB/s | 数据量: 0.0KB | 总耗时: 0.67s
[2025-08-02 22:52:11] ✅ 测速成功: http://live.dxhmt.cn:9081/tv/10185-1.m3u8
   速度: 364.26KB/s | 数据量: 0.4KB | 总耗时: 0.48s
[2025-08-02 22:52:11] ✅ 测速成功: http://stream8.jlntv.cn/hctv/sd/live.m3u8
   速度: 472.66KB/s | 数据量: 0.5KB | 总耗时: 1.11s
[2025-08-02 22:52:11] ✅ 测速成功: http://124.239.135.194:11080/live/sjzxwzh/index.m3u8
   速度: 141.60KB/s | 数据量: 0.1KB | 总耗时: 0.49s
[2025-08-02 22:52:11] ✅ 测速成功: http://live.ynurl.com/video/s10016-YJTV-2/index.m3u8
   速度: 0.00KB/s | 数据量: 0.0KB | 总耗时: 0.49s
[2025-08-02 22:52:11] ✅ 测速成功: http://stream2.jlntv.cn/baicheng1/sd/live.m3u8
   速度: 496.09KB/s | 数据量: 0.5KB | 总耗时: 0.64s
[2025-08-02 22:52:11] ✅ 测速成功: http://traffic.jbh.tjbh.com/live/bhtv10/playlist.m3u8
   速度: 3.37KB/s | 数据量: 0.1KB | 总耗时: 1.88s
[2025-08-02 22:52:11] ✅ 测速成功: http://stream5.jlntv.cn/ps/sd/live.m3u8
   速度: 463.87KB/s | 数据量: 0.5KB | 总耗时: 0.66s
[2025-08-02 22:52:11] ✅ 测速成功: http://live.ynurl.com/video/s10012-TCTV/index.m3u8
   速度: 0.00KB/s | 数据量: 0.0KB | 总耗时: 0.46s
[2025-08-02 22:52:12] ✅ 测速成功: http://live.shaoxing.com.cn/video/s10001-sxhb/index.m3u8
   速度: 681.64KB/s | 数据量: 0.7KB | 总耗时: 0.67s
[2025-08-02 22:52:12] ✅ 测速成功: http://stream3.jlntv.cn:80/aac_psgb/sd/live.m3u8
   速度: 498.05KB/s | 数据量: 0.5KB | 总耗时: 0.80s
[2025-08-02 22:52:12] ✅ 测速成功: http://live.shaoxing.com.cn/video/s10001-sxtv1/index.m3u8
   速度: 681.64KB/s | 数据量: 0.7KB | 总耗时: 0.79s
[2025-08-02 22:52:12] ✅ 测速成功: http://stream8.jlntv.cn/shulan/sd/live.m3u8
   速度: 497.07KB/s | 数据量: 0.5KB | 总耗时: 0.65s
[2025-08-02 22:52:12] ✅ 测速成功: http://120.77.205.62:8087/rtp/239.77.0.204:5146
   速度: 786.13KB/s | 数据量: 0.8KB | 总耗时: 0.45s
[2025-08-02 22:52:12] ✅ 测速成功: http://live.dxhmt.cn:9081/tv/11081-1.m3u8
   速度: 364.26KB/s | 数据量: 0.4KB | 总耗时: 1.28s
[2025-08-02 22:52:12] ✅ 测速成功: http://live.ynurl.com/video/s10001-mstv1/index.m3u8
   速度: 0.00KB/s | 数据量: 0.0KB | 总耗时: 0.71s
[2025-08-02 22:52:12] ✅ 测速成功: http://live.dxhmt.cn:9081/tv/10182-1.m3u8
   速度: 364.26KB/s | 数据量: 0.4KB | 总耗时: 0.48s
[2025-08-02 22:52:12] ✅ 测速成功: http://183.64.181.25:40023/rongchang01.m3u8
   速度: 0.47KB/s | 数据量: 0.1KB | 总耗时: 0.77s
[2025-08-02 22:52:13] ✅ 测速成功: http://live.ynurl.com/video/s10019-mzdst/index.m3u8
   速度: 0.00KB/s | 数据量: 0.0KB | 总耗时: 0.54s
[2025-08-02 22:52:13] ✅ 测速成功: http://live.dxhmt.cn:9081/tv/11622-1.m3u8
   速度: 364.26KB/s | 数据量: 0.4KB | 总耗时: 0.48s
[2025-08-02 22:52:13] ✅ 测速成功: http://stream2.jlntv.cn/liaoyuan1/sd/live.m3u8
   速度: 403.32KB/s | 数据量: 0.4KB | 总耗时: 0.64s
[2025-08-02 22:52:13] ✅ 测速成功: http://stream5.jlntv.cn/hn/sd/live.m3u8
   速度: 463.87KB/s | 数据量: 0.5KB | 总耗时: 0.76s
[2025-08-02 22:52:13] ✅ 测速成功: http://stream3.jlntv.cn:80/aac_thxgb/playlist.m3u8
   速度: 89.84KB/s | 数据量: 0.1KB | 总耗时: 0.67s
[2025-08-02 22:52:13] ✅ 测速成功: http://stream5.jlntv.cn/thx/sd/live.m3u8
   速度: 483.40KB/s | 数据量: 0.5KB | 总耗时: 0.62s
[2025-08-02 22:52:13] ✅ 测速成功: https://liveplay-srs.voc.com.cn/hls/tv/183_554704.m3u8
   速度: 429.69KB/s | 数据量: 0.4KB | 总耗时: 1.34s
[2025-08-02 22:52:13] ✅ 测速成功: http://p2hs.vzan.com/slowlive/317913155078575177/live.m3u8
   速度: 550.78KB/s | 数据量: 0.6KB | 总耗时: 5.27s
[2025-08-02 22:52:13] ✅ 测速成功: https://m3u8channel-sm.yunxya.com/nmip-media/channellive/channel100420/playlist.m3u8
   速度: 271.48KB/s | 数据量: 0.3KB | 总耗时: 3.06s
[2025-08-02 22:52:14] ✅ 测速成功: http://live.dxhmt.cn:9081/tv/11024-1.m3u8
   速度: 364.26KB/s | 数据量: 0.4KB | 总耗时: 0.48s
[2025-08-02 22:52:14] ✅ 测速成功: https://m3u8channel-yj.yunxya.com/nmip-media/channellive/channel101140/playlist.m3u8
   速度: 267.58KB/s | 数据量: 0.3KB | 总耗时: 2.23s
[2025-08-02 22:52:14] ✅ 测速成功: http://live.ynurl.com/video/s10041-JPTV/index.m3u8
   速度: 0.00KB/s | 数据量: 0.0KB | 总耗时: 0.47s
[2025-08-02 22:52:14] ✅ 测速成功: http://live.dxhmt.cn:9081/tv/10425-1.m3u8
   速度: 364.26KB/s | 数据量: 0.4KB | 总耗时: 1.25s
[2025-08-02 22:52:14] ✅ 测速成功: http://live.jinchuanrmt.com:90/live/zhxw.m3u8
   速度: 0.90KB/s | 数据量: 0.2KB | 总耗时: 0.88s
[2025-08-02 22:52:14] ✅ 测速成功: http://live.dxhmt.cn:9081/tv/11625-1.m3u8
   速度: 0.45KB/s | 数据量: 0.4KB | 总耗时: 1.29s
[2025-08-02 22:52:14] ✅ 测速成功: http://pili-live-rtmp.143.i2863.com/i2863-143/live_143_397273.m3u8
   速度: 384.77KB/s | 数据量: 0.4KB | 总耗时: 5.82s
[2025-08-02 22:52:14] ✅ 测速成功: http://183.64.174.171:40123/ch1.m3u8
   速度: 0.49KB/s | 数据量: 0.1KB | 总耗时: 0.76s
[2025-08-02 22:52:15] ✅ 测速成功: http://139.203.180.9:90/live/zhxw.m3u8
   速度: 0.39KB/s | 数据量: 0.2KB | 总耗时: 1.18s
[2025-08-02 22:52:15] ✅ 测速成功: http://zjtv-wshls.homecdn.com/live/2aa50.m3u8
   速度: 195.31KB/s | 数据量: 0.2KB | 总耗时: 0.97s
[2025-08-02 22:52:15] ✅ 测速成功: http://cnpull.sccnfb.com/live/123456.m3u8
   速度: 430.66KB/s | 数据量: 0.4KB | 总耗时: 1.56s
[2025-08-02 22:52:15] ✅ 测速成功: http://cnpull.sccnfb.com/live/123456.m3u8
   速度: 430.66KB/s | 数据量: 0.4KB | 总耗时: 0.68s
[2025-08-02 22:52:15] ✅ 测速成功: http://stream2.jlntv.cn/jlcc/sd/live.m3u8
   速度: 471.68KB/s | 数据量: 0.5KB | 总耗时: 0.65s
[2025-08-02 22:52:15] ✅ 测速成功: http://cm-wshls.homecdn.com/live/2aa50.m3u8
   速度: 193.36KB/s | 数据量: 0.2KB | 总耗时: 1.48s
[2025-08-02 22:52:16] ✅ 测速成功: http://stream2.jlntv.cn/ja/sd/live.m3u8
   速度: 461.91KB/s | 数据量: 0.5KB | 总耗时: 0.75s
[2025-08-02 22:52:16] ✅ 测速成功: http://live.ynurl.com/video/s10027-LCDST/index.m3u8
   速度: 0.00KB/s | 数据量: 0.0KB | 总耗时: 1.13s
[2025-08-02 22:52:16] ✅ 测速成功: http://phonetx.qing.mgtv.com/nn_live/nn_x64/8.8&/CSXWMPP360.m3u8
   速度: 235.35KB/s | 数据量: 0.2KB | 总耗时: 1.25s
[2025-08-02 22:52:16] ✅ 测速成功: http://stream8.jlntv.cn/jytv/sd/live.m3u8
   速度: 487.30KB/s | 数据量: 0.5KB | 总耗时: 0.78s
[2025-08-02 22:52:16] ✅ 测速成功: http://live.ynurl.com/video/s10059-SPTV/index.m3u8
   速度: 0.00KB/s | 数据量: 0.0KB | 总耗时: 5.46s
[2025-08-02 22:52:16] ✅ 测速成功: http://pili-live-hls.hebitv.com/hebi/hebi.m3u8
   速度: 233.40KB/s | 数据量: 0.2KB | 总耗时: 0.46s
[2025-08-02 22:52:16] ✅ 测速成功: http://stream9.jlntv.cn:80/aac_jygb/playlist.m3u8
   速度: 89.84KB/s | 数据量: 0.1KB | 总耗时: 0.73s
[2025-08-02 22:52:16] ✅ 测速成功: http://111.53.96.67:8081/live/1/index.m3u8
   速度: 208.98KB/s | 数据量: 0.2KB | 总耗时: 0.43s
[2025-08-02 22:52:17] ✅ 测速成功: http://visit.jjbctv.com:1935/live/xwzhmb/playlist.m3u8
   速度: 0.56KB/s | 数据量: 0.1KB | 总耗时: 0.98s
[2025-08-02 22:52:17] ✅ 测速成功: https://30a-tv.com/feeds/pzaz/30atvmovies.m3u8
   速度: 202.15KB/s | 数据量: 0.2KB | 总耗时: 0.52s
[2025-08-02 22:52:17] ✅ 测速成功: https://live.relentlessinnovations.net:1936/afghannobel/afghannobel/playlist.m3u8
   速度: 134.77KB/s | 数据量: 0.1KB | 总耗时: 0.41s
[2025-08-02 22:52:17] ✅ 测速成功: https://cdn.streamhispanatv.net:3417/live/auroramflive.m3u8
   速度: 818.36KB/s | 数据量: 0.8KB | 总耗时: 0.19s
[2025-08-02 22:52:18] ✅ 测速成功: http://stream9.jlntv.cn:80/aac_longjinggb/playlist.m3u8
   速度: 90.82KB/s | 数据量: 0.1KB | 总耗时: 1.46s
[2025-08-02 22:52:18] ✅ 测速成功: https://play.yunxya.com/channellive/xinwen.m3u8
   速度: 451.17KB/s | 数据量: 0.5KB | 总耗时: 3.03s
[2025-08-02 22:52:18] ✅ 测速成功: https://cdn-apse1-prod.tsv2.amagi.tv/linear/amg01076-lightningintern-actionhollywood-samsungnz/playlist.m3u8
   速度: 3000.00KB/s | 数据量: 3.0KB | 总耗时: 1.11s
[2025-08-02 22:52:18] ✅ 测速成功: https://m3u8channel.yunxya.com/nmip-media/channellive/channel100028/playlist.m3u8
   速度: 271.48KB/s | 数据量: 0.3KB | 总耗时: 2.94s
[2025-08-02 22:52:18] ✅ 测速成功: https://mytime-tcl.amagi.tv/playlist.m3u8
   速度: 1003.91KB/s | 数据量: 1.0KB | 总耗时: 0.21s
[2025-08-02 22:52:18] ✅ 测速成功: https://mytimemoviefrance-rakuten.amagi.tv/playlist.m3u8
   速度: 625.00KB/s | 数据量: 0.6KB | 总耗时: 0.25s
[2025-08-02 22:52:18] ✅ 测速成功: https://appletree-mytime-samsungbrazil.amagi.tv/playlist.m3u8
   速度: 485.35KB/s | 数据量: 0.5KB | 总耗时: 0.18s
[2025-08-02 22:52:18] ✅ 测速成功: https://appletree-mytime-samsungmexico.amagi.tv/playlist.m3u8
   速度: 548.83KB/s | 数据量: 0.5KB | 总耗时: 0.22s
[2025-08-02 22:52:18] ✅ 测速成功: http://120.198.95.220:9901/tsfile/live/1038_1.m3u8
   速度: 658.20KB/s | 数据量: 0.7KB | 总耗时: 0.61s
[2025-08-02 22:52:18] ✅ 测速成功: https://appletree-mytimespain-rakuten.amagi.tv/playlist.m3u8
   速度: 625.00KB/s | 数据量: 0.6KB | 总耗时: 0.21s
[2025-08-02 22:52:18] ✅ 测速成功: http://139.129.231.228/rtp/239.21.1.232:5002
   速度: 223.49KB/s | 数据量: 207.1KB | 总耗时: 3.40s
[2025-08-02 22:52:18] ✅ 测速成功: http://live.qthnews.org.cn:1935/live/live2/800k/tzwj_video.m3u8
   速度: 1.91KB/s | 数据量: 0.5KB | 总耗时: 2.48s
[2025-08-02 22:52:18] ✅ 测速成功: http://stream8.jlntv.cn/ljtv/sd/live.m3u8
   速度: 487.30KB/s | 数据量: 0.5KB | 总耗时: 2.20s
[2025-08-02 22:52:18] ✅ 测速成功: http://live4play.uk/livehttpplay
   速度: 78.12KB/s | 数据量: 0.1KB | 总耗时: 0.12s
[2025-08-02 22:52:19] ✅ 测速成功: https://bcovlive-a.akamaihd.net/9527a892aeaf43019fd9eeb77ad1516e/eu-central-1/6057955906001/playlist.m3u8
   速度: 459.96KB/s | 数据量: 0.5KB | 总耗时: 0.41s
[2025-08-02 22:52:19] ✅ 测速成功: https://mytimefrance-rakuten-samsung.amagi.tv/playlist.m3u8
   速度: 625.00KB/s | 数据量: 0.6KB | 总耗时: 0.50s
[2025-08-02 22:52:19] ✅ 测速成功: https://cdn.iptv8k.top/dl/jrys.php
   速度: 91.80KB/s | 数据量: 0.1KB | 总耗时: 0.73s
[2025-08-02 22:52:19] ✅ 测速成功: http://live.njgdmm.com/changzhi/cztv1.m3u8
   速度: 233.40KB/s | 数据量: 0.2KB | 总耗时: 4.60s
[2025-08-02 22:52:19] ✅ 测速成功: http://jrlive.jrntv.com/live/_definst_/yingshis/chunklist_w1994429382.m3u8
   速度: 20.52KB/s | 数据量: 0.2KB | 总耗时: 0.79s
[2025-08-02 22:52:19] ✅ 测速成功: http://120.77.205.62:8087/rtp/239.253.43.73:5146
   速度: 786.13KB/s | 数据量: 0.8KB | 总耗时: 0.45s
[2025-08-02 22:52:19] ✅ 测速成功: https://cdn.iptv8k.top/dl/jrys.php
   速度: 91.80KB/s | 数据量: 0.1KB | 总耗时: 0.72s
[2025-08-02 22:52:20] ✅ 测速成功: https://stream.hrbtv.net/yspd/playlist.m3u8
   速度: 68.36KB/s | 数据量: 0.1KB | 总耗时: 1.11s
[2025-08-02 22:52:20] ✅ 测速成功: http://live4play.uk/livehttpplay
   速度: 78.12KB/s | 数据量: 0.1KB | 总耗时: 0.20s
[2025-08-02 22:52:20] ✅ 测速成功: http://phonetx.qing.mgtv.com/nn_live/nn_x64/8.8&/HNDYMPP360.m3u8
   速度: 235.35KB/s | 数据量: 0.2KB | 总耗时: 0.47s
[2025-08-02 22:52:20] ✅ 测速成功: http://108.181.20.197/livehttpplay
   速度: 78.12KB/s | 数据量: 0.1KB | 总耗时: 0.11s
[2025-08-02 22:52:20] ✅ 测速成功: http://stream1.mytaizhou.net/ysyl/playlist.m3u8
   速度: 89.84KB/s | 数据量: 0.1KB | 总耗时: 0.67s
[2025-08-02 22:52:20] ✅ 测速成功: http://116.128.242.83:9901/tsfile/live/1009_1.m3u8
   速度: 422.85KB/s | 数据量: 0.4KB | 总耗时: 0.57s
[2025-08-02 22:52:20] ✅ 测速成功: http://live.shaoxing.com.cn/video/s10001-sxtv3/index.m3u8
   速度: 681.64KB/s | 数据量: 0.7KB | 总耗时: 0.77s
[2025-08-02 22:52:20] ✅ 测速成功: http://stream.hrbtv.net/yspd/sd/live.m3u8
   速度: 356.45KB/s | 数据量: 0.4KB | 总耗时: 1.60s
[2025-08-02 22:52:20] ✅ 测速成功: http://live.shaoxing.com.cn/video/s10001-sxtv3/index.m3u8
   速度: 681.64KB/s | 数据量: 0.7KB | 总耗时: 0.51s
[2025-08-02 22:52:20] ✅ 测速成功: https://cdn.iptv8k.top/dl/jrys.php
   速度: 91.80KB/s | 数据量: 0.1KB | 总耗时: 0.54s
[2025-08-02 22:52:21] ✅ 测速成功: http://112.99.193.34:9901/tsfile/live/1025_1.m3u8
   速度: 433.59KB/s | 数据量: 0.4KB | 总耗时: 0.56s
[2025-08-02 22:52:21] ✅ 测速成功: http://dassby.qqff.top:99/live/%E8%BE%BD%E5%AE%81%E5%BD%B1%E8%A7%86%E5%89%A7/index.m3u8
   速度: 161.13KB/s | 数据量: 0.2KB | 总耗时: 0.86s
[2025-08-02 22:52:21] ✅ 测速成功: https://cdn-uw2-prod.tsv2.amagi.tv/linear/amg01602-themahqfrance-vivekanald-samsungspain/playlist.m3u8
   速度: 3644.53KB/s | 数据量: 3.6KB | 总耗时: 0.69s
[2025-08-02 22:52:21] ✅ 测速成功: http://huanqiuzhibo.cn/manifest/douyu.php
   速度: 0.00KB/s | 数据量: 0.0KB | 总耗时: 1.20s
[2025-08-02 22:52:21] ✅ 测速成功: http://lxajh.top/tv/douyu.php
   速度: 0.00KB/s | 数据量: 0.0KB | 总耗时: 1.32s
[2025-08-02 22:52:21] ✅ 测速成功: https://mbcdrama-usa-ak.akamaized.net/out/v1/876f960feec24a8aba9e9d3f9023174b/index.m3u8
   速度: 1311.52KB/s | 数据量: 1.3KB | 总耗时: 0.51s
[2025-08-02 22:52:21] ✅ 测速成功: https://mbc1-enc.edgenextcdn.net/out/v1/b0b3a0e6750d4408bb86d703d5feffd1/index.m3u8
   速度: 1320.31KB/s | 数据量: 1.3KB | 总耗时: 0.78s
[2025-08-02 22:52:21] ✅ 测速成功: http://phonetx.qing.mgtv.com/nn_live/nn_x64/8.8&/HNDSJMPP360.m3u8
   速度: 238.28KB/s | 数据量: 0.2KB | 总耗时: 0.35s
[2025-08-02 22:52:21] ✅ 测速成功: http://live.shaoxing.com.cn/video/s10001-sxtv3/index.m3u8
   速度: 681.64KB/s | 数据量: 0.7KB | 总耗时: 1.61s
[2025-08-02 22:52:21] ✅ 测速成功: https://satellitepull.cnr.cn/live/wxlnjjtb/playlist.m3u8
   速度: 205.08KB/s | 数据量: 0.2KB | 总耗时: 5.77s
[2025-08-02 22:52:21] ✅ 测速成功: http://116.128.242.83:9901/tsfile/live/0120_1.m3u8
   速度: 417.97KB/s | 数据量: 0.4KB | 总耗时: 0.62s
[2025-08-02 22:52:22] ✅ 测速成功: https://hls.afintl.com/hls/stream.m3u8
   速度: 721.68KB/s | 数据量: 0.7KB | 总耗时: 0.47s
[2025-08-02 22:52:22] ✅ 测速成功: http://31.148.48.15/Ani/index.m3u8
   速度: 180.66KB/s | 数据量: 0.2KB | 总耗时: 0.41s
[2025-08-02 22:52:22] ✅ 测速成功: https://s.emisoras.tv:8081/diostevekids/index.m3u8
   速度: 179.69KB/s | 数据量: 0.2KB | 总耗时: 0.14s
[2025-08-02 22:52:22] ✅ 测速成功: http://183.237.95.108:9901/tsfile/live/1069_1.m3u8
   速度: 433.59KB/s | 数据量: 0.4KB | 总耗时: 0.71s
[2025-08-02 22:52:22] ✅ 测速成功: https://cdn.iptv8k.top/dl/jrys.php
   速度: 91.80KB/s | 数据量: 0.1KB | 总耗时: 0.73s
[2025-08-02 22:52:22] ✅ 测速成功: http://live.streamingfast.net/osmflivech45.m3u8
   速度: 126.95KB/s | 数据量: 0.1KB | 总耗时: 0.39s
[2025-08-02 22:52:22] ✅ 测速成功: https://d2idp3hzkhjpih.cloudfront.net/out/v1/4b85d9c2bf97413eb0c9fd875599b837/index.m3u8
   速度: 470.70KB/s | 数据量: 0.5KB | 总耗时: 0.74s
[2025-08-02 22:52:22] ✅ 测速成功: https://usgeowall.sinclairstoryline.com/channel/1698bf57810a48c486b83d542bca298d.m3u8
   速度: 1795.90KB/s | 数据量: 1.8KB | 总耗时: 0.63s
[2025-08-02 22:52:22] ✅ 测速成功: https://cdn.iptv8k.top/dl/jrys.php
   速度: 91.80KB/s | 数据量: 0.1KB | 总耗时: 0.86s
[2025-08-02 22:52:22] ✅ 测速成功: http://ares.mnet.mk/hls/mnet-kids.m3u8
   速度: 410.16KB/s | 数据量: 0.4KB | 总耗时: 0.54s
[2025-08-02 22:52:23] ✅ 测速成功: http://tv.balkanweb.com:8081/news24/livestream/playlist.m3u8
   速度: 1.39KB/s | 数据量: 0.2KB | 总耗时: 0.40s
[2025-08-02 22:52:23] ✅ 测速成功: https://cloudfront44.lexanetwork.com:1344/freerelay/kanizsavtv.sdp/playlist.m3u8
   速度: 0.89KB/s | 数据量: 0.1KB | 总耗时: 1.07s
[2025-08-02 22:52:23] ❌ 测速失败: http://183.237.95.108:9901/tsfile/live/1008_1.m3u8
   错误: HTTPConnectionPool(host='183.237.95.108', port=9901): Read timed out. (read timeout=5) | 域名: 183.237.95.108
[2025-08-02 22:52:23] ✅ 测速成功: https://magicstream.ddns.net/magicstream/stream.m3u8
   速度: 388.67KB/s | 数据量: 0.4KB | 总耗时: 0.89s
[2025-08-02 22:52:23] ✅ 测速成功: https://w2.manasat.com/kkids/smil:kkids.smil/playlist.m3u8
   速度: 306.64KB/s | 数据量: 0.3KB | 总耗时: 1.14s
[2025-08-02 22:52:23] ✅ 测速成功: https://6476e46b58f91.streamlock.net/liveTrans/KurdmaxS0rani!/playlist.m3u8
   速度: 136.72KB/s | 数据量: 0.1KB | 总耗时: 1.20s
[2025-08-02 22:52:23] ✅ 测速成功: https://livetv.streams.ovh:1936/paniktv/paniktv/playlist.m3u8
   速度: 135.74KB/s | 数据量: 0.1KB | 总耗时: 0.84s
[2025-08-02 22:52:23] ✅ 测速成功: http://58.221.214.82:9901/tsfile/live/0008_2.m3u8
   速度: 408.20KB/s | 数据量: 0.4KB | 总耗时: 0.47s
[2025-08-02 22:52:23] ✅ 测速成功: http://120.198.95.220:9901/tsfile/live/1034_1.m3u8
   速度: 658.20KB/s | 数据量: 0.7KB | 总耗时: 0.50s
[2025-08-02 22:52:24] ❌ 测速失败: http://120.198.101.106:9901/tsfile/live/1053_1.m3u8
   错误: HTTPConnectionPool(host='120.198.101.106', port=9901): Read timed out. (read timeout=5) | 域名: 120.198.101.106
[2025-08-02 22:52:24] ✅ 测速成功: http://139.196.214.238/rtp/239.45.3.61:5140
   速度: 229.59KB/s | 数据量: 206.5KB | 总耗时: 3.36s
[2025-08-02 22:52:24] ✅ 测速成功: http://ak6668768.zicp.io:8857/live1060.m3u8
   速度: 219.73KB/s | 数据量: 0.2KB | 总耗时: 0.48s
[2025-08-02 22:52:24] ✅ 测速成功: http://183.237.95.108:9901/tsfile/live/1104_1.m3u8
   速度: 433.59KB/s | 数据量: 0.4KB | 总耗时: 1.86s
[2025-08-02 22:52:25] ✅ 测速成功: http://120.198.95.220:9901/tsfile/live/1033_1.m3u8
   速度: 647.46KB/s | 数据量: 0.6KB | 总耗时: 1.58s
[2025-08-02 22:52:25] ✅ 测速成功: http://183.237.95.108:9901/tsfile/live/1100_1.m3u8
   速度: 433.59KB/s | 数据量: 0.4KB | 总耗时: 2.00s
[2025-08-02 22:52:25] ✅ 测速成功: http://183.237.95.108:9901/tsfile/live/1099_1.m3u8
   速度: 433.59KB/s | 数据量: 0.4KB | 总耗时: 0.92s
[2025-08-02 22:52:25] ✅ 测速成功: http://live.zohi.tv/video/s10001-fztv-4/index.m3u8
   速度: 498.05KB/s | 数据量: 0.5KB | 总耗时: 1.99s
[2025-08-02 22:52:25] ✅ 测速成功: http://112.99.193.34:9901/tsfile/live/1030_1.m3u8
   速度: 433.59KB/s | 数据量: 0.4KB | 总耗时: 0.57s
[2025-08-02 22:52:25] ✅ 测速成功: http://82.212.74.2:8000/live/7307.m3u8
   速度: 76.17KB/s | 数据量: 0.1KB | 总耗时: 0.33s
[2025-08-02 22:52:25] ✅ 测速成功: http://124.239.135.194:11080/live/sekj/index.m3u8
   速度: 132.81KB/s | 数据量: 0.1KB | 总耗时: 2.57s
[2025-08-02 22:52:25] ✅ 测速成功: https://bcovlive-a.akamaihd.net/ed81ac1118414d4fa893d3a83ccec9be/eu-central-1/6203311941001/playlist.m3u8
   速度: 461.91KB/s | 数据量: 0.5KB | 总耗时: 0.19s
[2025-08-02 22:52:26] ✅ 测速成功: https://cloudvideo.servers10.com:8081/8108/index.m3u8
   速度: 177.73KB/s | 数据量: 0.2KB | 总耗时: 0.60s
[2025-08-02 22:52:26] ✅ 测速成功: https://d2vnbkvjbims7j.cloudfront.net/containerA/LTN/playlist.m3u8
   速度: 1375.98KB/s | 数据量: 1.4KB | 总耗时: 0.25s
[2025-08-02 22:52:26] ✅ 测速成功: https://reflect-stream-bronxnet.cablecast.tv/live-19/live/live.m3u8
   速度: 211.91KB/s | 数据量: 0.2KB | 总耗时: 0.42s
[2025-08-02 22:52:26] ✅ 测速成功: https://reflect-ccx.cablecast.tv/live-9/live/live.m3u8
   速度: 799.80KB/s | 数据量: 0.8KB | 总耗时: 0.28s
[2025-08-02 22:52:26] ✅ 测速成功: https://live3vox.antenaplay.ro/a3free/a3free.m3u8
   速度: 191.41KB/s | 数据量: 0.2KB | 总耗时: 0.80s
[2025-08-02 22:52:26] ✅ 测速成功: https://n18syndication.akamaized.net/bpk-tv/CNN_News18_NW18_MOB/output01/index.m3u8
   速度: 1198.24KB/s | 数据量: 1.2KB | 总耗时: 0.06s
[2025-08-02 22:52:26] ✅ 测速成功: https://bel-live-hls.akamaized.net/hls/live/2038650/BEL-Live-HLS/master.m3u8
   速度: 821.29KB/s | 数据量: 0.8KB | 总耗时: 0.41s
[2025-08-02 22:52:26] ✅ 测速成功: http://112.99.193.34:9901/tsfile/live/1034_1.m3u8
   速度: 433.59KB/s | 数据量: 0.4KB | 总耗时: 1.53s
[2025-08-02 22:52:26] ✅ 测速成功: https://dwamdstream104.akamaized.net/hls/live/2015530/dwstream104/index.m3u8
   速度: 906.25KB/s | 数据量: 0.9KB | 总耗时: 0.21s
[2025-08-02 22:52:26] ✅ 测速成功: https://dwamdstream103.akamaized.net/hls/live/2015526/dwstream103/index.m3u8
   速度: 906.25KB/s | 数据量: 0.9KB | 总耗时: 0.30s
[2025-08-02 22:52:26] ✅ 测速成功: https://classicarts.akamaized.net/hls/live/1024257/CAS/master.m3u8
   速度: 631.84KB/s | 数据量: 0.6KB | 总耗时: 0.40s
[2025-08-02 22:52:26] ✅ 测速成功: http://247preview.foxnews.com/hls/live/2020027/fncv3preview/primary.m3u8
   速度: 454.10KB/s | 数据量: 0.5KB | 总耗时: 0.25s
[2025-08-02 22:52:26] ✅ 测速成功: http://120.55.49.231:3095/rtp/233.50.201.138:5140
   速度: 213.44KB/s | 数据量: 206.8KB | 总耗时: 3.47s
[2025-08-02 22:52:26] ✅ 测速成功: https://linear-11.frequency.stream/dist/glewedtv/11/hls/master/playlist.m3u8
   速度: 1024.41KB/s | 数据量: 1.0KB | 总耗时: 0.46s
[2025-08-02 22:52:26] ✅ 测速成功: https://fox-foxnewsnow-samsungus.amagi.tv/playlist.m3u8
   速度: 668.95KB/s | 数据量: 0.7KB | 总耗时: 0.22s
[2025-08-02 22:52:26] ✅ 测速成功: https://live.artidijitalmedya.com/artidijital_brtv/brtv/playlist.m3u8
   速度: 0.90KB/s | 数据量: 0.2KB | 总耗时: 1.09s
[2025-08-02 22:52:27] ✅ 测速成功: https://videodelivery.net/8dfdf197ede241dd3c8b745a08e039e5/manifest/video.m3u8
   速度: 0.00KB/s | 数据量: 0.0KB | 总耗时: 0.15s
[2025-08-02 22:52:27] ✅ 测速成功: https://reflect-hktv.cablecast.tv/live-3/live/live.m3u8
   速度: 637.70KB/s | 数据量: 0.6KB | 总耗时: 0.26s
[2025-08-02 22:52:27] ✅ 测速成功: https://d2qm50imcbcfqx.cloudfront.net/nlpo/clr-nlpo/haarlem105/index.m3u8
   速度: 1293.95KB/s | 数据量: 1.3KB | 总耗时: 0.52s
[2025-08-02 22:52:27] ✅ 测速成功: http://139.196.151.191:2051/rtp/239.45.3.118:5140
   速度: 227.68KB/s | 数据量: 206.8KB | 总耗时: 3.37s
[2025-08-02 22:52:27] ✅ 测速成功: https://5c0956165db0b.streamlock.net/ftv/directo/.m3u8
   速度: 136.72KB/s | 数据量: 0.1KB | 总耗时: 0.71s
[2025-08-02 22:52:27] ✅ 测速成功: https://brightstar-sls-pull-secure.akamaized.net/brightstarsls/stream.m3u8
   速度: 488.28KB/s | 数据量: 0.5KB | 总耗时: 0.41s
[2025-08-02 22:52:27] ✅ 测速成功: http://ares.mnet.mk/hls/mnet-sport.m3u8
   速度: 2.93KB/s | 数据量: 0.0KB | 总耗时: 0.40s
[2025-08-02 22:52:27] ✅ 测速成功: https://ciner-live.daioncdn.net/haberturktv/haberturktv.m3u8
   速度: 555.66KB/s | 数据量: 0.6KB | 总耗时: 0.73s
[2025-08-02 22:52:27] ✅ 测速成功: https://chlivemta1.akamaized.net/hls/live/2008145/mta1/playlist.m3u8
   速度: 3120.12KB/s | 数据量: 3.1KB | 总耗时: 0.32s
[2025-08-02 22:52:27] ✅ 测速成功: http://120.198.101.106:9901/tsfile/live/1061_1.m3u8
   速度: 433.59KB/s | 数据量: 0.4KB | 总耗时: 2.70s
[2025-08-02 22:52:27] ✅ 测速成功: https://live.artidijitalmedya.com/artidijital_grt/grt1/playlist.m3u8
   速度: 0.90KB/s | 数据量: 0.2KB | 总耗时: 0.93s
[2025-08-02 22:52:27] ✅ 测速成功: https://d2ecwd3cgy6wo0.cloudfront.net/nlpo/clr-nlpo/omroepsudwest/index.m3u8
   速度: 1293.95KB/s | 数据量: 1.3KB | 总耗时: 0.27s
[2025-08-02 22:52:27] ✅ 测速成功: https://rtatv.akamaized.net/Content/HLS/Live/channel(RTA3)/index.m3u8
   速度: 490.23KB/s | 数据量: 0.5KB | 总耗时: 0.18s
[2025-08-02 22:52:27] ✅ 测速成功: https://rtatv.akamaized.net/Content/HLS/Live/channel(RTA1)/index.m3u8
   速度: 490.23KB/s | 数据量: 0.5KB | 总耗时: 0.39s
[2025-08-02 22:52:27] ✅ 测速成功: https://cdn-apse1-prod.tsv2.amagi.tv/linear/amg01076-lightningintern-kartoonchannel-samsungnz/playlist.m3u8
   速度: 2992.19KB/s | 数据量: 3.0KB | 总耗时: 1.05s
[2025-08-02 22:52:27] ✅ 测速成功: https://5c2974786200d.streamlock.net/live-chan28/ngrp:ch28_all/playlist.m3u8
   速度: 498.05KB/s | 数据量: 0.5KB | 总耗时: 0.57s
[2025-08-02 22:52:27] ✅ 测速成功: https://5c2974786200d.streamlock.net/live-chan30/ngrp:ch30_all/playlist.m3u8
   速度: 501.95KB/s | 数据量: 0.5KB | 总耗时: 0.66s
[2025-08-02 22:52:27] ✅ 测速成功: https://rtatv.akamaized.net/Content/HLS/Live/channel(RTA2)/index.m3u8
   速度: 490.23KB/s | 数据量: 0.5KB | 总耗时: 0.37s
[2025-08-02 22:52:28] ✅ 测速成功: https://rtatv.akamaized.net/Content/HLS/Live/channel(RTA4)/index.m3u8
   速度: 490.23KB/s | 数据量: 0.5KB | 总耗时: 0.44s
[2025-08-02 22:52:28] ✅ 测速成功: https://d1211whpimeups.cloudfront.net/smil:rtb2/playlist.m3u8
   速度: 357.42KB/s | 数据量: 0.4KB | 总耗时: 0.37s
[2025-08-02 22:52:28] ✅ 测速成功: https://d1211whpimeups.cloudfront.net/smil:rtbgo/playlist.m3u8
   速度: 357.42KB/s | 数据量: 0.4KB | 总耗时: 0.26s
[2025-08-02 22:52:28] ✅ 测速成功: http://69.64.57.208/rts2/playlist.m3u8
   速度: 177.73KB/s | 数据量: 0.2KB | 总耗时: 0.02s
[2025-08-02 22:52:28] ✅ 测速成功: https://d1211whpimeups.cloudfront.net/smil:rtb1/playlist.m3u8
   速度: 357.42KB/s | 数据量: 0.4KB | 总耗时: 0.26s
[2025-08-02 22:52:28] ✅ 测速成功: https://dy7fxpkq4ggk8.cloudfront.net/nlpo/clr-nlpo/rtv1/index.m3u8
   速度: 1293.95KB/s | 数据量: 1.3KB | 总耗时: 0.29s
[2025-08-02 22:52:28] ✅ 测速成功: https://5f204aff97bee.streamlock.net/RTTRlive/livestream/playlist.m3u8
   速度: 136.72KB/s | 数据量: 0.1KB | 总耗时: 0.42s
[2025-08-02 22:52:28] ✅ 测速成功: http://rthklive2-lh.akamaihd.net/i/rthk32_1@168450/index_1296_av-b.m3u8
   速度: 488.28KB/s | 数据量: 0.5KB | 总耗时: 0.70s
[2025-08-02 22:52:28] ✅ 测速成功: http://rthklive2-lh.akamaihd.net/i/rthk32_1@168450/index_2052_av-b.m3u8
   速度: 488.28KB/s | 数据量: 0.5KB | 总耗时: 0.70s
[2025-08-02 22:52:28] ✅ 测速成功: http://livetv.dnsfor.me/channel.12.m3u8
   速度: 1202.33KB/s | 数据量: 229.0KB | 总耗时: 1.34s
[2025-08-02 22:52:28] ✅ 测速成功: https://cdn.rtvdrenthe.nl/live/rtvdrenthe/tv/index.m3u8
   速度: 667.97KB/s | 数据量: 0.7KB | 总耗时: 0.29s
[2025-08-02 22:52:28] ✅ 测速成功: https://5f22d76e220e1.streamlock.net/rtm/rtm/playlist.m3u8
   速度: 135.74KB/s | 数据量: 0.1KB | 总耗时: 0.88s
[2025-08-02 22:52:28] ✅ 测速成功: https://msh0232.stream.seeweb.it/live/stream00.sdp/playlist.m3u8
   速度: 136.72KB/s | 数据量: 0.1KB | 总耗时: 0.99s
[2025-08-02 22:52:28] ✅ 测速成功: https://flash2.xdevel.com/rtptv/rtptv/playlist.m3u8
   速度: 134.77KB/s | 数据量: 0.1KB | 总耗时: 0.85s
[2025-08-02 22:52:28] ✅ 测速成功: https://d2o8iss0ldenh4.cloudfront.net/nlpo/clr-nlpo/rtvlove/index.m3u8
   速度: 1293.95KB/s | 数据量: 1.3KB | 总耗时: 0.28s
[2025-08-02 22:52:28] ✅ 测速成功: https://srv1.adriatelekom.com/TVAS/index.m3u8
   速度: 180.66KB/s | 数据量: 0.2KB | 总耗时: 0.54s
[2025-08-02 22:52:29] ✅ 测速成功: https://d2eanln3bsfb0d.cloudfront.net/nlpo/clr-nlpo/rtvmeppel/index.m3u8
   速度: 1293.95KB/s | 数据量: 1.3KB | 总耗时: 0.26s
[2025-08-02 22:52:29] ✅ 测速成功: http://rthklive2-lh.akamaihd.net/i/rthk32_1@168450/index_810_av-b.m3u8
   速度: 488.28KB/s | 数据量: 0.5KB | 总耗时: 1.09s
[2025-08-02 22:52:29] ✅ 测速成功: https://d34cg2bnc08ruf.cloudfront.net/live/rtvoost/tv/index.m3u8
   速度: 528.32KB/s | 数据量: 0.5KB | 总耗时: 0.19s
[2025-08-02 22:52:29] ✅ 测速成功: https://dcur8bjarl5c2.cloudfront.net/live/rijnmond/tv/index.m3u8
   速度: 523.44KB/s | 数据量: 0.5KB | 总耗时: 0.19s
[2025-08-02 22:52:29] ✅ 测速成功: https://d3b6teev8t7bb2.cloudfront.net/nlpo/clr-nlpo/rtvslos/index.m3u8
   速度: 1293.95KB/s | 数据量: 1.3KB | 总耗时: 0.28s
[2025-08-02 22:52:29] ✅ 测速成功: https://dt4pogjgi3q8s.cloudfront.net/nlpo/clr-nlpo/rtvveluwezoom/index.m3u8
   速度: 1293.95KB/s | 数据量: 1.3KB | 总耗时: 0.28s
[2025-08-02 22:52:29] ✅ 测速成功: http://ms7.mx-cd.net/tv/212-1299944/RTV-Zulthe.smil/playlist.m3u8
   速度: 2.18KB/s | 数据量: 0.2KB | 总耗时: 0.38s
[2025-08-02 22:52:29] ✅ 测速成功: http://wz4.dnip.com.br/sertaotv/sertaotv.sdp/playlist.m3u8
   速度: 6.68KB/s | 数据量: 0.1KB | 总耗时: 0.18s
[2025-08-02 22:52:29] ✅ 测速成功: https://d2hrvno5bw6tg2.cloudfront.net/smrtv-ch01/smil:ch-01.smil/chunklist.m3u8
   速度: 2.67KB/s | 数据量: 0.3KB | 总耗时: 0.38s
[2025-08-02 22:52:29] ✅ 测速成功: https://ms7.mx-cd.net/tv/262-2600774/RTV_Nunspeet.smil/playlist.m3u8
   速度: 119.14KB/s | 数据量: 0.1KB | 总耗时: 0.68s
[2025-08-02 22:52:29] ✅ 测速成功: https://d2hrvno5bw6tg2.cloudfront.net/smrtv-ch02/smil:ch-02.smil/master.m3u8
   速度: 1.08KB/s | 数据量: 0.1KB | 总耗时: 0.45s
[2025-08-02 22:52:29] ✅ 测速成功: https://linear-253.frequency.stream/dist/glewedtv/253/hls/master/playlist.m3u8
   速度: 1397.46KB/s | 数据量: 1.4KB | 总耗时: 0.12s
[2025-08-02 22:52:29] ✅ 测速成功: https://cdn140m.panaccess.com/HLS/RTVC/index.m3u8
   速度: 154.30KB/s | 数据量: 0.2KB | 总耗时: 0.55s
[2025-08-02 22:52:29] ✅ 测速成功: https://ms2.mx-cd.net/dtv-10/268-2641474/RTV_Purmerend_TV.smil/playlist.m3u8
   速度: 120.12KB/s | 数据量: 0.1KB | 总耗时: 0.70s
[2025-08-02 22:52:29] ✅ 测速成功: https://tv.rtvhorizon.nl/hls/horizon/1_2/index.m3u8
   速度: 1427.73KB/s | 数据量: 1.4KB | 总耗时: 0.94s
[2025-08-02 22:52:29] ✅ 测速成功: https://sportsgrid-tribal.amagi.tv/playlist.m3u8
   速度: 1300.78KB/s | 数据量: 1.3KB | 总耗时: 0.24s
[2025-08-02 22:52:29] ✅ 测速成功: https://5ca3e84a76d30.streamlock.net/tvmarvallarta/videotvmarvallarta/playlist.m3u8
   速度: 136.72KB/s | 数据量: 0.1KB | 总耗时: 0.29s
[2025-08-02 22:52:30] ✅ 测速成功: https://voa-ingest.akamaized.net/hls/live/2033876/tvmc07/playlist.m3u8
   速度: 1054.69KB/s | 数据量: 1.1KB | 总耗时: 0.39s
[2025-08-02 22:52:30] ✅ 测速成功: https://trace-sportstars-samsungnz.amagi.tv/playlist.m3u8
   速度: 715.82KB/s | 数据量: 0.7KB | 总耗时: 0.49s
[2025-08-02 22:52:30] ✅ 测速成功: https://streaming007.gestec-video.com/hls/artequatreTVA.m3u8
   速度: 446.29KB/s | 数据量: 0.4KB | 总耗时: 0.67s
[2025-08-02 22:52:30] ✅ 测速成功: https://skynewsau-live.akamaized.net/hls/live/2002689/skynewsau-extra1/master.m3u8
   速度: 483.40KB/s | 数据量: 0.5KB | 总耗时: 0.92s
[2025-08-02 22:52:30] ✅ 测速成功: https://skynewsau-live.akamaized.net/hls/live/2002691/skynewsau-extra3/master.m3u8
   速度: 483.40KB/s | 数据量: 0.5KB | 总耗时: 0.82s
[2025-08-02 22:52:30] ✅ 测速成功: https://content.uplynk.com/channel/8975f81e6efd4e609873c3e8e25c7756.m3u8
   速度: 1995.12KB/s | 数据量: 2.0KB | 总耗时: 0.18s
[2025-08-02 22:52:30] ✅ 测速成功: https://voa-ingest.akamaized.net/hls/live/2033878/tvmc08/playlist.m3u8
   速度: 1055.66KB/s | 数据量: 1.1KB | 总耗时: 0.66s
[2025-08-02 22:52:30] ✅ 测速成功: https://voa-ingest.akamaized.net/hls/live/2033874/tvmc06/playlist.m3u8
   速度: 1054.69KB/s | 数据量: 1.1KB | 总耗时: 0.74s
[2025-08-02 22:52:30] ✅ 测速成功: http://tvbox6.icu/tv/migu.php
   速度: 75.48KB/s | 数据量: 383.9KB | 总耗时: 7.45s
[2025-08-02 22:52:30] ✅ 测速成功: http://185.243.7.13:80/play/live.php
   速度: 0.00KB/s | 数据量: 0.0KB | 总耗时: 0.20s
[2025-08-02 22:52:30] ✅ 测速成功: https://wdrlokalzeit.akamaized.net/hls/live/2018022-b/wdrlz_dortmund/master.m3u8
   速度: 2061.52KB/s | 数据量: 2.1KB | 总耗时: 0.65s
[2025-08-02 22:52:30] ✅ 测速成功: https://muzzik-live.morescreens.com/mts-5/playlist.m3u8
   速度: 75.20KB/s | 数据量: 0.1KB | 总耗时: 0.39s
[2025-08-02 22:52:30] ✅ 测速成功: http://38.64.72.148:80/hls/modn/list/4005/chunklist0.m3u8
   速度: 397.46KB/s | 数据量: 0.4KB | 总耗时: 0.28s
[2025-08-02 22:52:30] ✅ 测速成功: https://wdrlokalzeit.akamaized.net/hls/live/2018028-b/wdrlz_wuppertal/master.m3u8
   速度: 2061.52KB/s | 数据量: 2.1KB | 总耗时: 0.65s
[2025-08-02 22:52:30] ✅ 测速成功: http://38.64.72.148/hls/modn/list/4005/playlist.m3u8
   速度: 229.49KB/s | 数据量: 0.2KB | 总耗时: 0.30s
[2025-08-02 22:52:30] ✅ 测速成功: https://ott-balancer.tvri.go.id/live/eds/TVRIWorld/hls/TVRIWorld.m3u8
   速度: 923.83KB/s | 数据量: 0.9KB | 总耗时: 1.29s
[2025-08-02 22:52:30] ✅ 测速成功: https://streaming.astrakhan.ru/astrakhanrusporthd/playlist.m3u8
   速度: 869.14KB/s | 数据量: 0.9KB | 总耗时: 0.69s
[2025-08-02 22:52:30] ✅ 测速成功: https://cdn.iptv8k.top/dl/jrys.php
   速度: 91.80KB/s | 数据量: 0.1KB | 总耗时: 0.30s
[2025-08-02 22:52:31] ✅ 测速成功: http://120.198.95.220:9901/tsfile/live/1004_1.m3u8
   速度: 647.46KB/s | 数据量: 0.6KB | 总耗时: 0.59s
[2025-08-02 22:52:31] ✅ 测速成功: http://antvlive.ab5c6921.cdnviet.com/antv/playlist.m3u8
   速度: 123.05KB/s | 数据量: 0.1KB | 总耗时: 1.21s
[2025-08-02 22:52:31] ✅ 测速成功: http://122.152.202.33/s/81a8a44f/index.m3u8
   速度: 187.50KB/s | 数据量: 0.2KB | 总耗时: 0.90s
[2025-08-02 22:52:31] ✅ 测速成功: http://livetv.dnsfor.me/channel.18.m3u8
   速度: 1204.09KB/s | 数据量: 229.0KB | 总耗时: 1.06s
[2025-08-02 22:52:31] ✅ 测速成功: https://cdn.iptv8k.top/dl/jrys.php
   速度: 91.80KB/s | 数据量: 0.1KB | 总耗时: 0.51s
[2025-08-02 22:52:32] ✅ 测速成功: http://livetv.dnsfor.me:80/channel.10.m3u8
   速度: 966.43KB/s | 数据量: 229.0KB | 总耗时: 1.13s
[2025-08-02 22:52:32] ✅ 测速成功: http://livetv.dnsfor.me/channel.10.m3u8
   速度: 1180.93KB/s | 数据量: 229.0KB | 总耗时: 1.08s
[2025-08-02 22:52:32] ✅ 测速成功: http://zb.xmzb.xyz/123.php
   速度: 337.89KB/s | 数据量: 0.3KB | 总耗时: 0.71s
[2025-08-02 22:52:32] ✅ 测速成功: http://zb.xmzb.xyz/123.php
   速度: 337.89KB/s | 数据量: 0.3KB | 总耗时: 0.75s
[2025-08-02 22:52:32] ✅ 测速成功: https://cdn.iptv8k.top/dl/jrys.php
   速度: 91.80KB/s | 数据量: 0.1KB | 总耗时: 0.26s
[2025-08-02 22:52:32] ✅ 测速成功: https://cdn.iptv8k.top/dl/jrys.php
   速度: 91.80KB/s | 数据量: 0.1KB | 总耗时: 0.81s
[2025-08-02 22:52:32] ✅ 测速成功: http://122.152.202.33/s/81a8a44f/index.m3u8
   速度: 187.50KB/s | 数据量: 0.2KB | 总耗时: 1.99s
[2025-08-02 22:52:33] ✅ 测速成功: http://zb.xmzb.xyz/123.php
   速度: 337.89KB/s | 数据量: 0.3KB | 总耗时: 0.51s
[2025-08-02 22:52:33] ✅ 测速成功: https://piccpndali.v.myalicdn.com/audio/xianggangweishi_2.m3u8
   速度: 317.38KB/s | 数据量: 0.3KB | 总耗时: 0.53s
[2025-08-02 22:52:33] ❌ 测速失败: http://120.198.101.106:9901/tsfile/live/1007_1.m3u8
   错误: HTTPConnectionPool(host='120.198.101.106', port=9901): Max retries exceeded with url: /tsfile/live/1007_1.m3u8 (Caused by ConnectTimeoutError(<urllib3.connection.HTTPConnection object at 0x7f9a4b426d50>, 'Connection to 120.198.101.106 timed out. (connect timeout=3.05)')) | 域名: 120.198.101.106
[2025-08-02 22:52:33] ✅ 测速成功: http://player.cntv.cn/standard/live_HLSDRM20180606.swf
   速度: 6026.32KB/s | 数据量: 1996.7KB | 总耗时: 0.37s
[2025-08-02 22:52:34] ❌ 测速失败: http://stream.guihet.com/t/ifeng2.php
   错误: ('Connection aborted.', ConnectionResetError(104, 'Connection reset by peer')) | 域名: stream.guihet.com
[2025-08-02 22:52:34] ✅ 测速成功: http://122.152.202.33/s/81a8a44f/index.m3u8
   速度: 187.50KB/s | 数据量: 0.2KB | 总耗时: 1.98s
[2025-08-02 22:52:34] ✅ 测速成功: https://vip1.lz-cdn1.com/20220516/5843_f2d3e2af/1200k/hls/mixed.m3u8
   速度: 541.06KB/s | 数据量: 49.2KB | 总耗时: 0.40s
[2025-08-02 22:52:34] ✅ 测速成功: https://ukzy.ukubf3.com/20220605/kssUhAeh/2000kb/hls/index.m3u8
   速度: 816.54KB/s | 数据量: 109.3KB | 总耗时: 0.50s
[2025-08-02 22:52:34] ✅ 测速成功: http://live.xmcdn.com/live/56/64.m3u8
   速度: 458.01KB/s | 数据量: 0.5KB | 总耗时: 0.43s
[2025-08-02 22:52:34] ✅ 测速成功: https://satellitepull.cnr.cn/live/wx32dycjgb/playlist.m3u8
   速度: 207.03KB/s | 数据量: 0.2KB | 总耗时: 0.47s
[2025-08-02 22:52:34] ✅ 测速成功: http://livetv.dnsfor.me:80/channel.9.m3u8
   速度: 594.26KB/s | 数据量: 229.0KB | 总耗时: 1.12s
[2025-08-02 22:52:34] ✅ 测速成功: http://player.cntv.cn/standard/live_HLSDRM20180606.swf
   速度: 48270.35KB/s | 数据量: 1996.7KB | 总耗时: 0.12s
[2025-08-02 22:52:34] ✅ 测速成功: http://anren.live/HK/BSJDUFpB.m3u8
   速度: 13065.43KB/s | 数据量: 13.1KB | 总耗时: 1.71s
[2025-08-02 22:52:35] ✅ 测速成功: http://47.94.35.70:31420/tsfile/live/0137_1.m3u8
   速度: 428.71KB/s | 数据量: 0.4KB | 总耗时: 0.49s
[2025-08-02 22:52:35] ✅ 测速成功: http://satellitepull.cnr.cn/live/wx32fjws/playlist.m3u8
   速度: 204.10KB/s | 数据量: 0.2KB | 总耗时: 1.01s
[2025-08-02 22:52:35] ✅ 测速成功: http://183.215.134.239:19901/tsfile/live/0107_1.m3u8
   速度: 428.71KB/s | 数据量: 0.4KB | 总耗时: 0.83s
[2025-08-02 22:52:35] ✅ 测速成功: http://ak6668768.zicp.io:8831/live1033.m3u8
   速度: 219.73KB/s | 数据量: 0.2KB | 总耗时: 0.70s
[2025-08-02 22:52:36] ✅ 测速成功: http://113.15.109.216:59901/tsfile/live/1009_1.m3u8
   速度: 433.59KB/s | 数据量: 0.4KB | 总耗时: 0.53s
[2025-08-02 22:52:36] ✅ 测速成功: http://115.150.63.77:9902/tsfile/live/1042_1.m3u8
   速度: 433.59KB/s | 数据量: 0.4KB | 总耗时: 0.53s
[2025-08-02 22:52:36] ✅ 测速成功: https://txmov2.a.kwimgs.com/bs3/video-hls/5219953535631090825_hlsb.m3u8
   速度: 1746.75KB/s | 数据量: 165.3KB | 总耗时: 1.08s
[2025-08-02 22:52:36] ✅ 测速成功: http://1.180.2.93:9901/tsfile/live/0119_1.m3u8
   速度: 428.71KB/s | 数据量: 0.4KB | 总耗时: 0.53s
[2025-08-02 22:52:37] ✅ 测速成功: http://58.221.214.82:9901/tsfile/live/0137_1.m3u8
   速度: 417.97KB/s | 数据量: 0.4KB | 总耗时: 2.56s
[2025-08-02 22:52:37] ✅ 测速成功: http://120.198.95.220:9901/tsfile/live/1007_1.m3u8
   速度: 658.20KB/s | 数据量: 0.7KB | 总耗时: 0.50s
[2025-08-02 22:52:37] ❌ 测速失败: http://v3948069e.live.126.net/live/dscspbkh98253248/37.flv
   错误: HTTPConnectionPool(host='v3948069e.live.126.net', port=80): Read timed out. | 域名: v3948069e.live.126.net
[2025-08-02 22:52:37] ❌ 测速失败: http://v3948069e.live.126.net/live/tizinjzv54935020/48.flv
   错误: HTTPConnectionPool(host='v3948069e.live.126.net', port=80): Read timed out. | 域名: v3948069e.live.126.net
[2025-08-02 22:52:37] ❌ 测速失败: http://v3948069e.live.126.net/live/eyisbshx78425035/46.flv
   错误: HTTPConnectionPool(host='v3948069e.live.126.net', port=80): Read timed out. | 域名: v3948069e.live.126.net
[2025-08-02 22:52:37] ❌ 测速失败: http://v3948069e.live.126.net/live/olqudmbl26461676/44.flv
   错误: HTTPConnectionPool(host='v3948069e.live.126.net', port=80): Read timed out. | 域名: v3948069e.live.126.net
[2025-08-02 22:52:37] ❌ 测速失败: http://v3948069e.live.126.net/live/syiygqgw23248264/47.flv
   错误: HTTPConnectionPool(host='v3948069e.live.126.net', port=80): Read timed out. | 域名: v3948069e.live.126.net
[2025-08-02 22:52:37] ✅ 测速成功: https://cdn.iptv8k.top/dl/jrys.php
   速度: 91.80KB/s | 数据量: 0.1KB | 总耗时: 0.21s
[2025-08-02 22:52:37] ✅ 测速成功: http://1.180.2.93:9901/tsfile/live/1068_1.m3u8
   速度: 433.59KB/s | 数据量: 0.4KB | 总耗时: 0.51s
[2025-08-02 22:52:37] ✅ 测速成功: http://112.99.193.34:9901/tsfile/live/1049_1.m3u8
   速度: 422.85KB/s | 数据量: 0.4KB | 总耗时: 0.56s
[2025-08-02 22:52:38] ✅ 测速成功: http://satellitepull.cnr.cn/live/wxynws/playlist.m3u8
   速度: 202.15KB/s | 数据量: 0.2KB | 总耗时: 1.51s
[2025-08-02 22:52:38] ✅ 测速成功: http://120.198.101.106:9901/tsfile/live/1062_1.m3u8
   速度: 433.59KB/s | 数据量: 0.4KB | 总耗时: 0.55s
[2025-08-02 22:52:38] ✅ 测速成功: http://stream.guihet.com/t/ifeng2.php
   速度: 478.52KB/s | 数据量: 0.5KB | 总耗时: 0.40s
[2025-08-02 22:52:38] ✅ 测速成功: http://221.7.175.154:8445/tsfile/live/1020_1.m3u8
   速度: 433.59KB/s | 数据量: 0.4KB | 总耗时: 0.48s
[2025-08-02 22:52:39] ✅ 测速成功: http://183.237.95.108:9901/tsfile/live/1103_1.m3u8
   速度: 433.59KB/s | 数据量: 0.4KB | 总耗时: 0.79s
[2025-08-02 22:52:39] ✅ 测速成功: http://183.237.95.108:9901/tsfile/live/1039_1.m3u8
   速度: 433.59KB/s | 数据量: 0.4KB | 总耗时: 1.91s
[2025-08-02 22:52:39] ✅ 测速成功: http://satellitepull.cnr.cn/live/wx32nmgws/playlist.m3u8
   速度: 205.08KB/s | 数据量: 0.2KB | 总耗时: 2.01s
[2025-08-02 22:52:39] ✅ 测速成功: http://zb.xmzb.xyz/123.php
   速度: 337.89KB/s | 数据量: 0.3KB | 总耗时: 1.27s
[2025-08-02 22:52:39] ✅ 测速成功: http://playtv-live.ifeng.com/live/06OLEGEGM4G_audio.m3u8
   速度: 330.08KB/s | 数据量: 0.3KB | 总耗时: 1.19s
[2025-08-02 22:52:39] ✅ 测速成功: http://playtv-live.ifeng.com/live/06OLEEWQKN4_audio.m3u8
   速度: 327.15KB/s | 数据量: 0.3KB | 总耗时: 0.52s
[2025-08-02 22:52:39] ✅ 测速成功: http://zb.xmzb.xyz/123.php
   速度: 337.89KB/s | 数据量: 0.3KB | 总耗时: 0.55s
[2025-08-02 22:52:40] ✅ 测速成功: http://122.152.202.33/s/81a8a44f/index.m3u8
   速度: 187.50KB/s | 数据量: 0.2KB | 总耗时: 0.85s
[2025-08-02 22:52:40] ✅ 测速成功: http://120.198.95.220:9901/tsfile/live/1037_1.m3u8
   速度: 658.20KB/s | 数据量: 0.7KB | 总耗时: 0.57s
[2025-08-02 22:52:40] ✅ 测速成功: http://61.221.215.25:8800/hls/47/index.m3u8
   速度: 251.95KB/s | 数据量: 0.3KB | 总耗时: 0.36s
[2025-08-02 22:52:40] ✅ 测速成功: http://116.9.204.242:9901/tsfile/live/0122_1.m3u8
   速度: 428.71KB/s | 数据量: 0.4KB | 总耗时: 0.47s
[2025-08-02 22:52:40] ✅ 测速成功: http://139.196.214.238/rtp/239.45.1.238:5140
   速度: 230.03KB/s | 数据量: 206.9KB | 总耗时: 3.36s
[2025-08-02 22:52:40] ✅ 测速成功: http://stream.guihet.com/t/ifeng2.php
   速度: 478.52KB/s | 数据量: 0.5KB | 总耗时: 0.59s
[2025-08-02 22:52:40] ✅ 测速成功: http://120.198.95.220:9901/tsfile/live/1036_1.m3u8
   速度: 658.20KB/s | 数据量: 0.7KB | 总耗时: 2.58s
[2025-08-02 22:52:40] ✅ 测速成功: http://42.225.117.174:11199/tsfile/live/0122_1.m3u8
   速度: 428.71KB/s | 数据量: 0.4KB | 总耗时: 0.52s
[2025-08-02 22:52:40] ✅ 测速成功: http://1.180.2.93:9901/tsfile/live/0122_1.m3u8
   速度: 428.71KB/s | 数据量: 0.4KB | 总耗时: 0.52s
[2025-08-02 22:52:40] ✅ 测速成功: http://dsk.cc/bjtv/btime.php
   速度: 1877.93KB/s | 数据量: 1.9KB | 总耗时: 0.46s
[2025-08-02 22:52:41] ✅ 测速成功: http://live.xmcdn.com/live/91/64.m3u8
   速度: 453.12KB/s | 数据量: 0.5KB | 总耗时: 0.53s
[2025-08-02 22:52:41] ✅ 测速成功: http://player.cntv.cn/standard/live_HLSDRM20180524.swf
   速度: 45478.83KB/s | 数据量: 2602.0KB | 总耗时: 0.12s
[2025-08-02 22:52:41] ✅ 测速成功: http://183.215.134.239:19901/tsfile/live/0122_1.m3u8
   速度: 428.71KB/s | 数据量: 0.4KB | 总耗时: 0.80s
[2025-08-02 22:52:41] ✅ 测速成功: https://satellitepull.cnr.cn/live/wxbjxwgb/playlist.m3u8
   速度: 205.08KB/s | 数据量: 0.2KB | 总耗时: 0.62s
[2025-08-02 22:52:41] ✅ 测速成功: http://satellitepull.cnr.cn/live/wxbjxwgb/playlist.m3u8
   速度: 204.10KB/s | 数据量: 0.2KB | 总耗时: 0.51s
[2025-08-02 22:52:41] ✅ 测速成功: http://dsk.cc/bjtv/btime.php
   速度: 1877.93KB/s | 数据量: 1.9KB | 总耗时: 0.51s
[2025-08-02 22:52:41] ✅ 测速成功: http://player.cntv.cn/standard/live_HLSDRM20180524.swf
   速度: 4687.05KB/s | 数据量: 2602.0KB | 总耗时: 0.60s
[2025-08-02 22:52:41] ✅ 测速成功: http://player.cntv.cn/standard/live_HLSDRM20180606.swf
   速度: 45797.27KB/s | 数据量: 1996.7KB | 总耗时: 0.49s
[2025-08-02 22:52:41] ✅ 测速成功: http://player.cntv.cn/standard/live_HLSDRM20180524.swf
   速度: 49517.52KB/s | 数据量: 2602.0KB | 总耗时: 0.06s
[2025-08-02 22:52:42] ✅ 测速成功: http://dsk.cc/bjtv/btime.php
   速度: 1877.93KB/s | 数据量: 1.9KB | 总耗时: 0.43s
[2025-08-02 22:52:42] ✅ 测速成功: http://player.cntv.cn/standard/live_HLSDRM20180919.swf
   速度: 6026.52KB/s | 数据量: 2033.5KB | 总耗时: 0.38s
[2025-08-02 22:52:42] ✅ 测速成功: http://cctvtxyh5c.liveplay.myqcloud.com/wstv/btv5_2/index.m3u8
   速度: 97.66KB/s | 数据量: 0.1KB | 总耗时: 0.68s
[2025-08-02 22:52:42] ✅ 测速成功: http://cctvtxyh5c.liveplay.myqcloud.com/wstv/btv7_2/index.m3u8
   速度: 97.66KB/s | 数据量: 0.1KB | 总耗时: 1.33s
[2025-08-02 22:52:42] ✅ 测速成功: https://wstvcpudali.v.myalicdn.com/wstvcpud/udrmbtv5_1/index.m3u8
   速度: 256.84KB/s | 数据量: 0.3KB | 总耗时: 1.24s
[2025-08-02 22:52:43] ✅ 测速成功: http://cctvtxyh5c.liveplay.myqcloud.com/wstv/btv8_2/index.m3u8
   速度: 97.66KB/s | 数据量: 0.1KB | 总耗时: 0.67s
[2025-08-02 22:52:43] ✅ 测速成功: http://player.cntv.cn/standard/live_HLSDRM20180919.swf
   速度: 41255.38KB/s | 数据量: 2033.5KB | 总耗时: 0.06s
[2025-08-02 22:52:43] ✅ 测速成功: https://satellitepull.cnr.cn/live/wxjlxcgb/playlist.m3u8
   速度: 205.08KB/s | 数据量: 0.2KB | 总耗时: 0.54s
[2025-08-02 22:52:43] ✅ 测速成功: http://satellitepull.cnr.cn/live/wxjlxcgb/playlist.m3u8
   速度: 204.10KB/s | 数据量: 0.2KB | 总耗时: 1.03s
[2025-08-02 22:52:43] ✅ 测速成功: http://113.25.252.226:9901/tsfile/live/0116_1.m3u8
   速度: 428.71KB/s | 数据量: 0.4KB | 总耗时: 0.56s
[2025-08-02 22:52:44] ✅ 测速成功: https://wstvcpudali.v.myalicdn.com/wstvcpud/udrmbtv9_1/index.m3u8
   速度: 256.84KB/s | 数据量: 0.3KB | 总耗时: 3.92s
[2025-08-02 22:52:44] ✅ 测速成功: http://120.77.205.62:8087/rtp/239.77.0.215:5146
   速度: 786.13KB/s | 数据量: 0.8KB | 总耗时: 0.45s
[2025-08-02 22:52:45] ✅ 测速成功: http://ak6668768.zicp.io:8830/live1032.m3u8
   速度: 219.73KB/s | 数据量: 0.2KB | 总耗时: 5.22s
[2025-08-02 22:52:45] ✅ 测速成功: http://ak6668768.zicp.io:8839/live1041.m3u8
   速度: 219.73KB/s | 数据量: 0.2KB | 总耗时: 2.18s
[2025-08-02 22:52:45] ✅ 测速成功: http://183.237.95.108:9901/tsfile/live/1037_1.m3u8
   速度: 422.85KB/s | 数据量: 0.4KB | 总耗时: 1.99s
[2025-08-02 22:52:45] ✅ 测速成功: http://dsk.cc/php/xxtv.php
   速度: 1877.93KB/s | 数据量: 1.9KB | 总耗时: 1.01s
[2025-08-02 22:52:45] ✅ 测速成功: http://139.129.231.228:50060/rtp/239.21.2.6:5002
   速度: 216.23KB/s | 数据量: 206.8KB | 总耗时: 3.44s
[2025-08-02 22:52:46] ✅ 测速成功: http://47.94.35.70:31420/tsfile/live/1019_1.m3u8
   速度: 433.59KB/s | 数据量: 0.4KB | 总耗时: 0.48s
[2025-08-02 22:52:46] ✅ 测速成功: http://42.225.117.174:11199/tsfile/live/0112_1.m3u8
   速度: 428.71KB/s | 数据量: 0.4KB | 总耗时: 0.57s
[2025-08-02 22:52:46] ✅ 测速成功: http://dsk.cc/php/xxtv.php
   速度: 1877.93KB/s | 数据量: 1.9KB | 总耗时: 0.40s
[2025-08-02 22:52:46] ✅ 测速成功: https://satellitepull.cnr.cn/live/wxnxjjgb/playlist.m3u8
   速度: 205.08KB/s | 数据量: 0.2KB | 总耗时: 0.76s
[2025-08-02 22:52:46] ✅ 测速成功: http://satellitepull.cnr.cn/live/wxnxjjgb/playlist.m3u8
   速度: 204.10KB/s | 数据量: 0.2KB | 总耗时: 1.04s
[2025-08-02 22:52:47] ✅ 测速成功: http://satellitepull.cnr.cn/live/wxnxws/playlist.m3u8
   速度: 202.15KB/s | 数据量: 0.2KB | 总耗时: 1.51s
[2025-08-02 22:52:47] ✅ 测速成功: http://tvbox6.icu/tv/migu.php
   速度: 70.21KB/s | 数据量: 367.9KB | 总耗时: 11.07s
[2025-08-02 22:52:47] ✅ 测速成功: http://47.94.35.70:31420/tsfile/live/1018_1.m3u8
   速度: 422.85KB/s | 数据量: 0.4KB | 总耗时: 0.53s
[2025-08-02 22:52:47] ✅ 测速成功: https://www.yangshipin.cn/tv/home
   速度: 8075.20KB/s | 数据量: 8.1KB | 总耗时: 0.53s
[2025-08-02 22:52:47] ✅ 测速成功: http://live.xmcdn.com/live/805/64.m3u8
   速度: 462.89KB/s | 数据量: 0.5KB | 总耗时: 0.43s
[2025-08-02 22:52:47] ✅ 测速成功: http://live.dxhmt.cn:9081/tv/11521-1.m3u8
   速度: 364.26KB/s | 数据量: 0.4KB | 总耗时: 0.47s
[2025-08-02 22:52:48] ✅ 测速成功: http://satellitepull.cnr.cn/live/wxsdtyxxgb/playlist.m3u8
   速度: 206.05KB/s | 数据量: 0.2KB | 总耗时: 1.01s
[2025-08-02 22:52:48] ✅ 测速成功: http://dtrmlive.qhdtrm.cn/xnds/sd/live.m3u8
   速度: 371.09KB/s | 数据量: 0.4KB | 总耗时: 1.53s
[2025-08-02 22:52:48] ❌ 测速失败: https://wstvcpudali.v.myalicdn.com/wstvcpud/udrmbtv7_1/index.m3u8
   错误: HTTPSConnectionPool(host='wstvcpudali.v.myalicdn.com', port=443): Read timed out. (read timeout=5) | 域名: wstvcpudali.v.myalicdn.com
[2025-08-02 22:52:48] ✅ 测速成功: https://satellitepull.cnr.cn/live/wxsdtyxxgb/playlist.m3u8
   速度: 207.03KB/s | 数据量: 0.2KB | 总耗时: 1.03s
[2025-08-02 22:52:48] ✅ 测速成功: http://1.180.2.93:9901/tsfile/live/0131_1.m3u8
   速度: 428.71KB/s | 数据量: 0.4KB | 总耗时: 0.53s
[2025-08-02 22:52:48] ✅ 测速成功: http://47.94.35.70:31420/tsfile/live/1020_1.m3u8
   速度: 433.59KB/s | 数据量: 0.4KB | 总耗时: 0.52s
[2025-08-02 22:52:49] ✅ 测速成功: http://live.xmcdn.com/live/1440/64.m3u8
   速度: 467.77KB/s | 数据量: 0.5KB | 总耗时: 0.56s
[2025-08-02 22:52:49] ✅ 测速成功: http://livewai.sdetv.com.cn/live/da4ebbb91ee8468db5a9d230a535391f_transios/playlist.m3u8
   速度: 278.32KB/s | 数据量: 0.3KB | 总耗时: 1.09s
[2025-08-02 22:52:49] ✅ 测速成功: https://livewai.sdetv.com.cn/live/da4ebbb91ee8468db5a9d230a535391f_transios/playlist.m3u8
   速度: 333.01KB/s | 数据量: 0.3KB | 总耗时: 1.04s
[2025-08-02 22:52:49] ✅ 测速成功: http://live.xmcdn.com/live/802/64.m3u8
   速度: 462.89KB/s | 数据量: 0.5KB | 总耗时: 0.53s
[2025-08-02 22:52:49] ✅ 测速成功: http://42.225.117.174:11199/tsfile/live/0118_1.m3u8
   速度: 428.71KB/s | 数据量: 0.4KB | 总耗时: 0.56s
[2025-08-02 22:52:49] ✅ 测速成功: https://test1.live.sdetv.com.cn/live/dianshizhibo/playlist.m3u8
   速度: 208.01KB/s | 数据量: 0.2KB | 总耗时: 1.55s
[2025-08-02 22:52:50] ✅ 测速成功: http://58.221.214.82:9901/tsfile/live/0017_1.m3u8
   速度: 413.09KB/s | 数据量: 0.4KB | 总耗时: 0.47s
[2025-08-02 22:52:50] ✅ 测速成功: http://ak6668768.zicp.io:8865/live1090.m3u8
   速度: 219.73KB/s | 数据量: 0.2KB | 总耗时: 0.94s
[2025-08-02 22:52:50] ✅ 测速成功: http://36.136.38.87:9901/tsfile/live/0118_1.m3u8
   速度: 417.97KB/s | 数据量: 0.4KB | 总耗时: 0.47s
[2025-08-02 22:52:50] ✅ 测速成功: http://tvbox6.icu/tv/migu.php
   速度: 81.71KB/s | 数据量: 415.9KB | 总耗时: 13.28s
[2025-08-02 22:52:50] ✅ 测速成功: http://120.198.95.220:9901/tsfile/live/1010_1.m3u8
   速度: 658.20KB/s | 数据量: 0.7KB | 总耗时: 0.57s
[2025-08-02 22:52:50] ✅ 测速成功: http://tvbox6.icu/tv/migu.php
   速度: 60.84KB/s | 数据量: 319.8KB | 总耗时: 15.97s
[2025-08-02 22:52:51] ✅ 测速成功: http://183.237.95.108:9901/tsfile/live/1033_1.m3u8
   速度: 433.59KB/s | 数据量: 0.4KB | 总耗时: 0.90s
[2025-08-02 22:52:51] ✅ 测速成功: http://satellitepull.cnr.cn/live/wxssxws/playlist.m3u8
   速度: 203.12KB/s | 数据量: 0.2KB | 总耗时: 1.51s
[2025-08-02 22:52:51] ✅ 测速成功: http://120.238.94.82:9901/tsfile/live/1012_1.m3u8
   速度: 433.59KB/s | 数据量: 0.4KB | 总耗时: 0.74s
[2025-08-02 22:52:51] ✅ 测速成功: http://120.198.101.106:9901/tsfile/live/1012_1.m3u8
   速度: 433.59KB/s | 数据量: 0.4KB | 总耗时: 0.94s
[2025-08-02 22:52:51] ✅ 测速成功: http://120.198.95.220:9901/tsfile/live/1006_1.m3u8
   速度: 647.46KB/s | 数据量: 0.6KB | 总耗时: 0.50s
[2025-08-02 22:52:51] ✅ 测速成功: http://139.129.231.228/rtp/239.21.1.61:5002
   速度: 223.82KB/s | 数据量: 207.5KB | 总耗时: 3.40s
[2025-08-02 22:52:52] ✅ 测速成功: http://tvbox6.icu/tv/migu.php
   速度: 80.11KB/s | 数据量: 432.1KB | 总耗时: 8.55s
[2025-08-02 22:52:52] ✅ 测速成功: http://183.237.95.108:9901/tsfile/live/1029_1.m3u8
   速度: 433.59KB/s | 数据量: 0.4KB | 总耗时: 0.86s
[2025-08-02 22:52:52] ✅ 测速成功: http://satellitepull.cnr.cn/live/wxgdxwgb/playlist.m3u8
   速度: 204.10KB/s | 数据量: 0.2KB | 总耗时: 1.06s
[2025-08-02 22:52:52] ✅ 测速成功: https://satellitepull.cnr.cn/live/wxgdxwgb/playlist.m3u8
   速度: 205.08KB/s | 数据量: 0.2KB | 总耗时: 1.04s
[2025-08-02 22:52:52] ✅ 测速成功: http://z.b.bkpcp.top/m.php
   速度: 1000.98KB/s | 数据量: 1.0KB | 总耗时: 1.72s
[2025-08-02 22:52:52] ✅ 测速成功: http://120.198.101.106:9901/tsfile/live/1009_1.m3u8
   速度: 433.59KB/s | 数据量: 0.4KB | 总耗时: 1.37s
[2025-08-02 22:52:52] ✅ 测速成功: http://183.237.95.108:9901/tsfile/live/1031_1.m3u8
   速度: 433.59KB/s | 数据量: 0.4KB | 总耗时: 0.89s
[2025-08-02 22:52:52] ✅ 测速成功: http://183.215.134.239:19901/tsfile/live/0125_1.m3u8
   速度: 428.71KB/s | 数据量: 0.4KB | 总耗时: 1.78s
[2025-08-02 22:52:52] ✅ 测速成功: http://120.77.205.62:8087/rtp/239.77.0.225:5146
   速度: 786.13KB/s | 数据量: 0.8KB | 总耗时: 0.45s
[2025-08-02 22:52:53] ✅ 测速成功: http://183.237.95.108:9901/tsfile/live/1032_1.m3u8
   速度: 433.59KB/s | 数据量: 0.4KB | 总耗时: 0.88s
[2025-08-02 22:52:53] ✅ 测速成功: http://live.xmcdn.com/live/252/64.m3u8
   速度: 462.89KB/s | 数据量: 0.5KB | 总耗时: 0.73s
[2025-08-02 22:52:54] ✅ 测速成功: http://113.15.109.216:59901/tsfile/live/0113_1.m3u8
   速度: 428.71KB/s | 数据量: 0.4KB | 总耗时: 0.51s
[2025-08-02 22:52:54] ✅ 测速成功: http://42.225.117.174:11199/tsfile/live/0113_1.m3u8
   速度: 428.71KB/s | 数据量: 0.4KB | 总耗时: 0.58s
[2025-08-02 22:52:54] ✅ 测速成功: http://120.198.101.106:9901/tsfile/live/1010_1.m3u8
   速度: 433.59KB/s | 数据量: 0.4KB | 总耗时: 1.34s
[2025-08-02 22:52:54] ✅ 测速成功: http://116.9.204.242:9901/tsfile/live/0113_1.m3u8
   速度: 428.71KB/s | 数据量: 0.4KB | 总耗时: 0.47s
[2025-08-02 22:52:54] ✅ 测速成功: http://58.221.214.82:9901/tsfile/live/0113_1.m3u8
   速度: 428.71KB/s | 数据量: 0.4KB | 总耗时: 1.53s
[2025-08-02 22:52:54] ✅ 测速成功: http://116.9.204.242:9901/tsfile/live/1001_1.m3u8
   速度: 433.59KB/s | 数据量: 0.4KB | 总耗时: 0.48s
[2025-08-02 22:52:55] ✅ 测速成功: https://www.yangshipin.cn/tv/home
   速度: 8075.20KB/s | 数据量: 8.1KB | 总耗时: 1.05s
[2025-08-02 22:52:55] ✅ 测速成功: http://120.198.101.106:9901/tsfile/live/1013_1.m3u8
   速度: 433.59KB/s | 数据量: 0.4KB | 总耗时: 3.10s
[2025-08-02 22:52:55] ✅ 测速成功: http://live.xmcdn.com/live/299/64.m3u8
   速度: 462.89KB/s | 数据量: 0.5KB | 总耗时: 0.77s
[2025-08-02 22:52:55] ❌ 测速失败: http://183.237.95.108:9901/tsfile/live/1030_1.m3u8
   错误: HTTPConnectionPool(host='183.237.95.108', port=9901): Max retries exceeded with url: /tsfile/live/1030_1.m3u8 (Caused by ConnectTimeoutError(<urllib3.connection.HTTPConnection object at 0x7f9a4b426150>, 'Connection to 183.237.95.108 timed out. (connect timeout=3.05)')) | 域名: 183.237.95.108
[2025-08-02 22:52:56] ✅ 测速成功: http://113.25.252.226:9901/tsfile/live/0110_1.m3u8
   速度: 428.71KB/s | 数据量: 0.4KB | 总耗时: 0.60s
[2025-08-02 22:52:56] ✅ 测速成功: http://satellitepull.cnr.cn/live/wxybws/playlist.m3u8
   速度: 202.15KB/s | 数据量: 0.2KB | 总耗时: 1.01s
[2025-08-02 22:52:56] ✅ 测速成功: http://42.225.117.174:11199/tsfile/live/0110_1.m3u8
   速度: 428.71KB/s | 数据量: 0.4KB | 总耗时: 0.50s
[2025-08-02 22:52:57] ✅ 测速成功: http://1.180.2.93:9901/tsfile/live/0113_1.m3u8
   速度: 428.71KB/s | 数据量: 0.4KB | 总耗时: 3.32s
[2025-08-02 22:52:57] ✅ 测速成功: https://cdn.iptv8k.top/dl/jrys.php
   速度: 91.80KB/s | 数据量: 0.1KB | 总耗时: 0.39s
[2025-08-02 22:52:58] ✅ 测速成功: http://1.180.2.93:9901/tsfile/live/0110_1.m3u8
   速度: 428.71KB/s | 数据量: 0.4KB | 总耗时: 1.28s
[2025-08-02 22:52:58] ✅ 测速成功: http://58.221.214.82:9901/tsfile/live/0006_2.m3u8
   速度: 408.20KB/s | 数据量: 0.4KB | 总耗时: 0.47s
[2025-08-02 22:52:58] ✅ 测速成功: http://live.wjyanghu.com/live/CH1.m3u8
   速度: 264.65KB/s | 数据量: 0.3KB | 总耗时: 2.13s
[2025-08-02 22:52:58] ✅ 测速成功: http://120.198.95.220:9901/tsfile/live/1007_1.m3u8
   速度: 658.20KB/s | 数据量: 0.7KB | 总耗时: 5.84s
[2025-08-02 22:52:58] ✅ 测速成功: http://139.196.214.238/rtp/239.45.1.251:5140
   速度: 230.48KB/s | 数据量: 207.4KB | 总耗时: 3.36s
[2025-08-02 22:52:58] ✅ 测速成功: http://36.136.38.87:9901/tsfile/live/0127_1.m3u8
   速度: 417.97KB/s | 数据量: 0.4KB | 总耗时: 0.47s
[2025-08-02 22:52:58] ✅ 测速成功: http://ak6668768.zicp.io:8829/live1030.m3u8
   速度: 219.73KB/s | 数据量: 0.2KB | 总耗时: 0.47s
[2025-08-02 22:52:59] ✅ 测速成功: http://42.225.117.174:11199/tsfile/live/0127_1.m3u8
   速度: 428.71KB/s | 数据量: 0.4KB | 总耗时: 0.58s
[2025-08-02 22:52:59] ✅ 测速成功: http://58.221.214.82:9901/tsfile/live/0012_2.m3u8
   速度: 423.83KB/s | 数据量: 0.4KB | 总耗时: 0.49s
[2025-08-02 22:52:59] ✅ 测速成功: http://1.180.2.93:9901/tsfile/live/0138_1.m3u8
   速度: 428.71KB/s | 数据量: 0.4KB | 总耗时: 0.52s
[2025-08-02 22:52:59] ✅ 测速成功: http://58.17.48.228:808/hls/17/index.m3u8
   速度: 234.38KB/s | 数据量: 0.2KB | 总耗时: 0.48s
[2025-08-02 22:53:00] ✅ 测速成功: http://satellitepull.cnr.cn/live/wxhebws/playlist.m3u8
   速度: 203.12KB/s | 数据量: 0.2KB | 总耗时: 1.02s
[2025-08-02 22:53:00] ✅ 测速成功: http://124.239.135.194:11080/live/hbnm/index.m3u8
   速度: 132.81KB/s | 数据量: 0.1KB | 总耗时: 1.23s
[2025-08-02 22:53:00] ✅ 测速成功: http://183.215.134.239:19901/tsfile/live/0138_1.m3u8
   速度: 428.71KB/s | 数据量: 0.4KB | 总耗时: 1.78s
[2025-08-02 22:53:01] ✅ 测速成功: http://1.180.2.93:9901/tsfile/live/0117_1.m3u8
   速度: 428.71KB/s | 数据量: 0.4KB | 总耗时: 0.54s
[2025-08-02 22:53:01] ✅ 测速成功: http://116.128.242.83:9901/tsfile/live/0142_1.m3u8
   速度: 417.97KB/s | 数据量: 0.4KB | 总耗时: 0.60s
[2025-08-02 22:53:01] ✅ 测速成功: http://player.cntv.cn/standard/live_HLSDRM20180919.swf
   速度: 4535.82KB/s | 数据量: 2033.5KB | 总耗时: 0.78s
[2025-08-02 22:53:02] ✅ 测速成功: https://www.yangshipin.cn/tv/home
   速度: 8075.20KB/s | 数据量: 8.1KB | 总耗时: 1.24s
[2025-08-02 22:53:02] ✅ 测速成功: http://1.180.2.93:9901/tsfile/live/0139_1.m3u8
   速度: 428.71KB/s | 数据量: 0.4KB | 总耗时: 0.52s
[2025-08-02 22:53:02] ✅ 测速成功: http://tvbox6.icu/tv/migu.php
   速度: 96.74KB/s | 数据量: 496.1KB | 总耗时: 11.60s
[2025-08-02 22:53:03] ✅ 测速成功: http://tvbox6.icu/tv/migu.php
   速度: 60.48KB/s | 数据量: 367.9KB | 总耗时: 8.60s
[2025-08-02 22:53:03] ✅ 测速成功: http://tvbox6.icu/tv/migu.php
   速度: 43.42KB/s | 数据量: 239.6KB | 总耗时: 17.41s
[2025-08-02 22:53:03] ✅ 测速成功: http://tvbox6.icu/tv/migu.php
   速度: 55.46KB/s | 数据量: 367.9KB | 总耗时: 15.65s
[2025-08-02 22:53:03] ✅ 测速成功: http://42.225.117.174:11199/tsfile/live/0139_1.m3u8
   速度: 428.71KB/s | 数据量: 0.4KB | 总耗时: 0.57s
[2025-08-02 22:53:03] ✅ 测速成功: http://tvbox6.icu/tv/migu.php
   速度: 79.88KB/s | 数据量: 432.1KB | 总耗时: 8.05s
[2025-08-02 22:53:03] ✅ 测速成功: http://183.215.134.239:19901/tsfile/live/0124_1.m3u8
   速度: 428.71KB/s | 数据量: 0.4KB | 总耗时: 0.84s
[2025-08-02 22:53:03] ✅ 测速成功: http://ak6668768.zicp.io:8828/live1031.m3u8
   速度: 219.73KB/s | 数据量: 0.2KB | 总耗时: 0.72s
[2025-08-02 22:53:03] ✅ 测速成功: http://58.17.48.228:808/hls/32/index.m3u8
   速度: 234.38KB/s | 数据量: 0.2KB | 总耗时: 0.46s
[2025-08-02 22:53:04] ❌ 测速失败: http://124.239.135.194:11080/live/hbds/index.m3u8
   错误: HTTPConnectionPool(host='124.239.135.194', port=11080): Max retries exceeded with url: /live/hbds/index.m3u8 (Caused by ConnectTimeoutError(<urllib3.connection.HTTPConnection object at 0x7f9a4b427550>, 'Connection to 124.239.135.194 timed out. (connect timeout=3.05)')) | 域名: 124.239.135.194
[2025-08-02 22:53:04] ✅ 测速成功: https://satellitepull.cnr.cn/live/wxzjmsgb/playlist.m3u8
   速度: 205.08KB/s | 数据量: 0.2KB | 总耗时: 0.54s
[2025-08-02 22:53:04] ✅ 测速成功: http://satellitepull.cnr.cn/live/wxzjmsgb/playlist.m3u8
   速度: 204.10KB/s | 数据量: 0.2KB | 总耗时: 1.01s
[2025-08-02 22:53:04] ✅ 测速成功: http://116.9.204.242:9901/tsfile/live/0122_2.m3u8
   速度: 428.71KB/s | 数据量: 0.4KB | 总耗时: 1.47s
[2025-08-02 22:53:05] ✅ 测速成功: http://fxgm.fxjf.work:19901/tsfile/live/1010_1.m3u8
   速度: 433.59KB/s | 数据量: 0.4KB | 总耗时: 0.78s
[2025-08-02 22:53:06] ✅ 测速成功: http://tvbox6.icu/tv/migu.php
   速度: 80.18KB/s | 数据量: 416.0KB | 总耗时: 7.91s
[2025-08-02 22:53:06] ✅ 测速成功: https://www.yangshipin.cn/tv/home
   速度: 8075.20KB/s | 数据量: 8.1KB | 总耗时: 0.14s
[2025-08-02 22:53:06] ✅ 测速成功: http://tvbox6.icu/tv/migu.php
   速度: 120.88KB/s | 数据量: 625.5KB | 总耗时: 7.27s
[2025-08-02 22:53:06] ❌ 测速失败: http://zzssw01.55555.io:9901/tsfile/live/1002_1.m3u8
   错误: HTTPConnectionPool(host='zzssw01.55555.io', port=9901): Max retries exceeded with url: /tsfile/live/1002_1.m3u8 (Caused by ConnectTimeoutError(<urllib3.connection.HTTPConnection object at 0x7f9a4b427050>, 'Connection to zzssw01.55555.io timed out. (connect timeout=3.05)')) | 域名: zzssw01.55555.io
[2025-08-02 22:53:06] ✅ 测速成功: http://1.180.2.93:9901/tsfile/live/1033_1.m3u8
   速度: 433.59KB/s | 数据量: 0.4KB | 总耗时: 0.53s
[2025-08-02 22:53:06] ✅ 测速成功: http://satellitepull.cnr.cn/live/wxzjjjgb/playlist.m3u8
   速度: 204.10KB/s | 数据量: 0.2KB | 总耗时: 2.01s
[2025-08-02 22:53:06] ✅ 测速成功: https://satellitepull.cnr.cn/live/wxzjjjgb/playlist.m3u8
   速度: 205.08KB/s | 数据量: 0.2KB | 总耗时: 2.04s
[2025-08-02 22:53:07] ✅ 测速成功: http://120.55.49.231:3095/rtp/233.50.201.137:5140
   速度: 226.23KB/s | 数据量: 206.7KB | 总耗时: 3.38s
[2025-08-02 22:53:07] ✅ 测速成功: http://120.55.49.231:3095/rtp/233.50.201.134:5140
   速度: 217.66KB/s | 数据量: 206.8KB | 总耗时: 3.44s
[2025-08-02 22:53:07] ✅ 测速成功: http://120.55.49.231:3095/rtp/233.50.201.136:5140
   速度: 222.82KB/s | 数据量: 207.3KB | 总耗时: 3.41s
[2025-08-02 22:53:07] ✅ 测速成功: http://38.64.72.148:80/hls/modn/list/4007/playlist.m3u8
   速度: 227.54KB/s | 数据量: 0.2KB | 总耗时: 0.11s
[2025-08-02 22:53:07] ✅ 测速成功: http://ak6668768.zicp.io:8855/live1080.m3u8
   速度: 219.73KB/s | 数据量: 0.2KB | 总耗时: 0.47s
[2025-08-02 22:53:07] ✅ 测速成功: http://satellitepull.cnr.cn/live/wxhainxwgb/playlist.m3u8
   速度: 206.05KB/s | 数据量: 0.2KB | 总耗时: 1.00s
[2025-08-02 22:53:08] ✅ 测速成功: https://satellitepull.cnr.cn/live/wxhainxwgb/playlist.m3u8
   速度: 207.03KB/s | 数据量: 0.2KB | 总耗时: 1.03s
[2025-08-02 22:53:08] ✅ 测速成功: http://58.221.214.82:9901/tsfile/live/0016_2.m3u8
   速度: 413.09KB/s | 数据量: 0.4KB | 总耗时: 1.48s
[2025-08-02 22:53:08] ✅ 测速成功: http://satellitepull.cnr.cn/live/wxhainlyws/playlist.m3u8
   速度: 206.05KB/s | 数据量: 0.2KB | 总耗时: 2.00s
[2025-08-02 22:53:08] ✅ 测速成功: http://1.180.2.93:9901/tsfile/live/0132_1.m3u8
   速度: 428.71KB/s | 数据量: 0.4KB | 总耗时: 0.51s
[2025-08-02 22:53:08] ✅ 测速成功: http://183.215.134.239:19901/tsfile/live/0126_1.m3u8
   速度: 428.71KB/s | 数据量: 0.4KB | 总耗时: 0.82s
[2025-08-02 22:53:08] ✅ 测速成功: http://yncbn.ks-cdn.gitv.tv/gitv_live/G_SHENZHEN-HQ/G_SHENZHEN-HQ.m3u8
   速度: 927.73KB/s | 数据量: 0.9KB | 总耗时: 1.28s
[2025-08-02 22:53:08] ✅ 测速成功: http://120.198.101.106:9901/tsfile/live/1065_1.m3u8
   速度: 433.59KB/s | 数据量: 0.4KB | 总耗时: 1.42s
[2025-08-02 22:53:09] ✅ 测速成功: https://satellitepull.cnr.cn/live/wx32hubczshgb/playlist.m3u8
   速度: 209.96KB/s | 数据量: 0.2KB | 总耗时: 0.55s
[2025-08-02 22:53:09] ✅ 测速成功: http://tvbox6.icu/tv/migu.php
   速度: 38.93KB/s | 数据量: 207.1KB | 总耗时: 7.59s
[2025-08-02 22:53:09] ✅ 测速成功: http://satellitepull.cnr.cn/live/wx32hubczshgb/playlist.m3u8
   速度: 208.98KB/s | 数据量: 0.2KB | 总耗时: 1.01s
[2025-08-02 22:53:09] ✅ 测速成功: http://58.17.48.228:808/hls/31/index.m3u8
   速度: 234.38KB/s | 数据量: 0.2KB | 总耗时: 0.48s
[2025-08-02 22:53:09] ✅ 测速成功: http://ak6668768.zicp.io:8827/live1028.m3u8
   速度: 219.73KB/s | 数据量: 0.2KB | 总耗时: 0.76s
[2025-08-02 22:53:09] ✅ 测速成功: https://txmov2.a.kwimgs.com/bs3/video-hls/5199687338554291078_hlsb.m3u8
   速度: 1774.83KB/s | 数据量: 106.5KB | 总耗时: 0.33s
[2025-08-02 22:53:09] ✅ 测速成功: http://phonetx.qing.mgtv.com/nn_live/nn_x64/8.8&/HNGJMPP360.m3u8
   速度: 235.35KB/s | 数据量: 0.2KB | 总耗时: 0.31s
[2025-08-02 22:53:09] ✅ 测速成功: http://183.215.134.239:19901/tsfile/live/0128_1.m3u8
   速度: 428.71KB/s | 数据量: 0.4KB | 总耗时: 0.75s
[2025-08-02 22:53:10] ✅ 测速成功: http://116.128.242.83:9901/tsfile/live/0125_1.m3u8
   速度: 417.97KB/s | 数据量: 0.4KB | 总耗时: 0.61s
[2025-08-02 22:53:10] ✅ 测速成功: http://139.196.214.238/rtp/239.45.1.81:5140
   速度: 226.90KB/s | 数据量: 207.2KB | 总耗时: 3.37s
[2025-08-02 22:53:10] ✅ 测速成功: http://phonetx.qing.mgtv.com/nn_live/nn_x64/8.8&/HNDSMPP360.m3u8
   速度: 235.35KB/s | 数据量: 0.2KB | 总耗时: 0.33s
[2025-08-02 22:53:10] ✅ 测速成功: http://116.128.242.83:9901/tsfile/live/0117_1.m3u8
   速度: 417.97KB/s | 数据量: 0.4KB | 总耗时: 1.65s
[2025-08-02 22:53:10] ✅ 测速成功: http://116.128.242.83:9901/tsfile/live/0131_1.m3u8
   速度: 417.97KB/s | 数据量: 0.4KB | 总耗时: 0.59s
[2025-08-02 22:53:10] ✅ 测速成功: http://antvlive.ab5c6921.cdnviet.com/antv/playlist.m3u8
   速度: 123.05KB/s | 数据量: 0.1KB | 总耗时: 1.22s
[2025-08-02 22:53:10] ✅ 测速成功: http://116.128.242.83:9901/tsfile/live/0139_1.m3u8
   速度: 417.97KB/s | 数据量: 0.4KB | 总耗时: 0.62s
[2025-08-02 22:53:10] ✅ 测速成功: http://39.150.96.141:65535/tsfile/live/0141_1.m3u8
   速度: 417.97KB/s | 数据量: 0.4KB | 总耗时: 0.41s
[2025-08-02 22:53:11] ✅ 测速成功: http://satellitepull.cnr.cn/live/wxgshhzs/playlist.m3u8
   速度: 204.10KB/s | 数据量: 0.2KB | 总耗时: 1.01s
[2025-08-02 22:53:11] ✅ 测速成功: https://satellitepull.cnr.cn/live/wxgshhzs/playlist.m3u8
   速度: 205.08KB/s | 数据量: 0.2KB | 总耗时: 1.03s
[2025-08-02 22:53:11] ✅ 测速成功: http://satellitepull.cnr.cn/live/wxgsdstb/playlist.m3u8
   速度: 204.10KB/s | 数据量: 0.2KB | 总耗时: 1.01s
[2025-08-02 22:53:11] ✅ 测速成功: https://satellitepull.cnr.cn/live/wxgsdstb/playlist.m3u8
   速度: 205.08KB/s | 数据量: 0.2KB | 总耗时: 1.04s
[2025-08-02 22:53:11] ✅ 测速成功: http://satellitepull.cnr.cn/live/wxgsws/playlist.m3u8
   速度: 202.15KB/s | 数据量: 0.2KB | 总耗时: 1.51s
[2025-08-02 22:53:11] ✅ 测速成功: http://live.xmcdn.com/live/792/64.m3u8
   速度: 461.91KB/s | 数据量: 0.5KB | 总耗时: 0.43s
[2025-08-02 22:53:12] ✅ 测速成功: http://live.xmcdn.com/live/789/64.m3u8
   速度: 461.91KB/s | 数据量: 0.5KB | 总耗时: 0.43s
[2025-08-02 22:53:12] ✅ 测速成功: http://120.198.95.220:9901/tsfile/live/1048_1.m3u8
   速度: 647.46KB/s | 数据量: 0.6KB | 总耗时: 4.25s
[2025-08-02 22:53:12] ✅ 测速成功: http://1.180.2.93:9901/tsfile/live/0111_1.m3u8
   速度: 428.71KB/s | 数据量: 0.4KB | 总耗时: 0.52s
[2025-08-02 22:53:12] ✅ 测速成功: http://satellitepull.cnr.cn/live/wx32fjdnjjgb/playlist.m3u8
   速度: 208.01KB/s | 数据量: 0.2KB | 总耗时: 1.01s
[2025-08-02 22:53:13] ✅ 测速成功: https://satellitepull.cnr.cn/live/wx32fjxwgb/playlist.m3u8
   速度: 207.03KB/s | 数据量: 0.2KB | 总耗时: 1.53s
[2025-08-02 22:53:13] ✅ 测速成功: http://satellitepull.cnr.cn/live/wx32fjxwgb/playlist.m3u8
   速度: 206.05KB/s | 数据量: 0.2KB | 总耗时: 1.51s
[2025-08-02 22:53:13] ✅ 测速成功: https://www.yangshipin.cn/tv/home
   速度: 8075.20KB/s | 数据量: 8.1KB | 总耗时: 0.29s
[2025-08-02 22:53:13] ✅ 测速成功: http://zzssw01.55555.io:9901/tsfile/live/0120_1.m3u8
   速度: 428.71KB/s | 数据量: 0.4KB | 总耗时: 0.77s
[2025-08-02 22:53:13] ✅ 测速成功: http://183.237.95.108:9901/tsfile/live/1034_1.m3u8
   速度: 433.59KB/s | 数据量: 0.4KB | 总耗时: 1.81s
[2025-08-02 22:53:13] ✅ 测速成功: http://58.221.214.82:9901/tsfile/live/0120_1.m3u8
   速度: 428.71KB/s | 数据量: 0.4KB | 总耗时: 0.47s
[2025-08-02 22:53:14] ✅ 测速成功: http://satellitepull.cnr.cn/live/wxxzws/playlist.m3u8
   速度: 202.15KB/s | 数据量: 0.2KB | 总耗时: 1.51s
[2025-08-02 22:53:14] ✅ 测速成功: http://113.25.252.226:9901/tsfile/live/1003_1.m3u8
   速度: 433.59KB/s | 数据量: 0.4KB | 总耗时: 1.67s
[2025-08-02 22:53:14] ✅ 测速成功: https://www.yangshipin.cn/tv/home
   速度: 8075.20KB/s | 数据量: 8.1KB | 总耗时: 0.35s
[2025-08-02 22:53:14] ✅ 测速成功: http://58.221.214.82:9901/tsfile/live/0121_1.m3u8
   速度: 428.71KB/s | 数据量: 0.4KB | 总耗时: 0.47s
[2025-08-02 22:53:15] ✅ 测速成功: http://1.180.2.93:9901/tsfile/live/0121_1.m3u8
   速度: 428.71KB/s | 数据量: 0.4KB | 总耗时: 0.53s
[2025-08-02 22:53:15] ✅ 测速成功: http://tvbox6.icu/tv/migu.php
   速度: 163.54KB/s | 数据量: 837.2KB | 总耗时: 9.64s
[2025-08-02 22:53:15] ✅ 测速成功: http://satellitepull.cnr.cn/live/wx32gzws/playlist.m3u8
   速度: 204.10KB/s | 数据量: 0.2KB | 总耗时: 1.51s
[2025-08-02 22:53:15] ✅ 测速成功: https://satellitepull.cnr.cn/live/wxlnjjtb/playlist.m3u8
   速度: 205.08KB/s | 数据量: 0.2KB | 总耗时: 1.04s
[2025-08-02 22:53:16] ✅ 测速成功: http://ak6668768.zicp.io:8845/live1071.m3u8
   速度: 219.73KB/s | 数据量: 0.2KB | 总耗时: 1.10s
[2025-08-02 22:53:16] ✅ 测速成功: http://live.xmcdn.com/live/128/64.m3u8
   速度: 462.89KB/s | 数据量: 0.5KB | 总耗时: 0.45s
[2025-08-02 22:53:17] ✅ 测速成功: http://tvbox6.icu/tv/migu.php
   速度: 68.31KB/s | 数据量: 367.9KB | 总耗时: 9.23s
[2025-08-02 22:53:17] ✅ 测速成功: http://183.230.184.51:65500/tntv1.m3u8
   速度: 0.46KB/s | 数据量: 0.1KB | 总耗时: 0.79s
[2025-08-02 22:53:18] ✅ 测速成功: http://183.64.181.25:40023/rongchang01.m3u8
   速度: 0.49KB/s | 数据量: 0.1KB | 总耗时: 0.74s
[2025-08-02 22:53:18] ✅ 测速成功: http://z.b.bkpcp.top/m.php
   速度: 1000.98KB/s | 数据量: 1.0KB | 总耗时: 0.67s
[2025-08-02 22:53:18] ✅ 测速成功: http://42.225.117.174:11199/tsfile/live/0136_1.m3u8
   速度: 428.71KB/s | 数据量: 0.4KB | 总耗时: 0.55s
[2025-08-02 22:53:18] ❌ 测速失败: http://zzssw01.55555.io:9901/tsfile/live/0142_1.m3u8
   错误: HTTPConnectionPool(host='zzssw01.55555.io', port=9901): Max retries exceeded with url: /tsfile/live/0142_1.m3u8 (Caused by ConnectTimeoutError(<urllib3.connection.HTTPConnection object at 0x7f9a4b427a50>, 'Connection to zzssw01.55555.io timed out. (connect timeout=3.05)')) | 域名: zzssw01.55555.io
[2025-08-02 22:53:19] ✅ 测速成功: http://58.221.214.82:9901/tsfile/live/0018_1.m3u8
   速度: 413.09KB/s | 数据量: 0.4KB | 总耗时: 0.49s
[2025-08-02 22:53:20] ✅ 测速成功: https://piccpndali.v.myalicdn.com/audio/qinghai_2.m3u8
   速度: 286.13KB/s | 数据量: 0.3KB | 总耗时: 1.20s
[2025-08-02 22:53:20] ✅ 测速成功: http://satellitepull.cnr.cn/live/wxsxxws/playlist.m3u8
   速度: 203.12KB/s | 数据量: 0.2KB | 总耗时: 2.88s
[2025-08-02 22:53:20] ✅ 测速成功: https://satellitepull.cnr.cn/live/wxcqxwgb/playlist.m3u8
   速度: 205.08KB/s | 数据量: 0.2KB | 总耗时: 5.10s
[2025-08-02 22:53:21] ✅ 测速成功: http://tvbox6.icu/tv/migu.php
   速度: 57.60KB/s | 数据量: 303.6KB | 总耗时: 12.10s
[2025-08-02 22:53:21] ✅ 测速成功: http://39.150.96.141:65535/tsfile/live/0140_1.m3u8
   速度: 417.97KB/s | 数据量: 0.4KB | 总耗时: 0.44s
[2025-08-02 22:53:21] ✅ 测速成功: http://1.180.2.93:9901/tsfile/live/0140_1.m3u8
   速度: 428.71KB/s | 数据量: 0.4KB | 总耗时: 1.52s
[2025-08-02 22:53:21] ✅ 测速成功: http://112.99.193.34:9901/tsfile/live/1027_1.m3u8
   速度: 433.59KB/s | 数据量: 0.4KB | 总耗时: 0.56s
[2025-08-02 22:53:21] ✅ 测速成功: http://satellitepull.cnr.cn/live/wx32qhws/playlist.m3u8
   速度: 204.10KB/s | 数据量: 0.2KB | 总耗时: 1.01s
[2025-08-02 22:53:22] ✅ 测速成功: http://120.198.101.106:9901/tsfile/live/1075_1.m3u8
   速度: 433.59KB/s | 数据量: 0.4KB | 总耗时: 0.57s
[2025-08-02 22:53:22] ✅ 测速成功: https://s1.abntelevision.com/avivamientoabr/stream/avivamientohd/avivamientohd/chunks.m3u8
   速度: 24.41KB/s | 数据量: 0.0KB | 总耗时: 0.26s
[2025-08-02 22:53:22] ✅ 测速成功: http://1.180.2.93:9901/tsfile/live/0143_1.m3u8
   速度: 428.71KB/s | 数据量: 0.4KB | 总耗时: 0.53s
[2025-08-02 22:53:22] ✅ 测速成功: http://112.99.193.34:9901/tsfile/live/1022_1.m3u8
   速度: 433.59KB/s | 数据量: 0.4KB | 总耗时: 0.53s
[2025-08-02 22:53:23] ✅ 测速成功: http://satellitepull.cnr.cn/live/wx32hljxwgb/playlist.m3u8
   速度: 207.03KB/s | 数据量: 0.2KB | 总耗时: 0.51s
[2025-08-02 22:53:23] ✅ 测速成功: http://112.99.193.34:9901/tsfile/live/1028_1.m3u8
   速度: 433.59KB/s | 数据量: 0.4KB | 总耗时: 0.55s
[2025-08-02 22:53:23] ✅ 测速成功: https://satellitepull.cnr.cn/live/wx32hljxwgb/playlist.m3u8
   速度: 208.01KB/s | 数据量: 0.2KB | 总耗时: 1.04s
[2025-08-02 22:53:23] ✅ 测速成功: http://112.99.193.34:9901/tsfile/live/1024_1.m3u8
   速度: 433.59KB/s | 数据量: 0.4KB | 总耗时: 1.35s
[2025-08-02 22:53:23] ✅ 测速成功: http://live.dxhmt.cn:9081/tv/10422-1.m3u8
   速度: 364.26KB/s | 数据量: 0.4KB | 总耗时: 0.48s
[2025-08-02 22:53:24] ✅ 测速成功: http://live.dxhmt.cn:9081/tv/10225-1.m3u8
   速度: 0.47KB/s | 数据量: 0.4KB | 总耗时: 1.24s
[2025-08-02 22:53:24] ✅ 测速成功: http://112.99.193.34:9901/tsfile/live/1027_1.m3u8
   速度: 433.59KB/s | 数据量: 0.4KB | 总耗时: 1.36s
[2025-08-02 22:53:24] ✅ 测速成功: http://www.guzhenm.com:7001/hls/hd-live.m3u8
   速度: 0.77KB/s | 数据量: 0.2KB | 总耗时: 1.10s
[2025-08-02 22:53:24] ✅ 测速成功: http://live.ahsz.tv/video/s10001-kxjy/index.m3u8
   速度: 421.41KB/s | 数据量: 1.3KB | 总耗时: 0.54s
[2025-08-02 22:53:25] ✅ 测速成功: http://stream5.jlntv.cn/wq/playlist.m3u8
   速度: 91.80KB/s | 数据量: 0.1KB | 总耗时: 0.66s
[2025-08-02 22:53:25] ✅ 测速成功: http://stream8.jlntv.cn/ljtv/playlist.m3u8
   速度: 90.82KB/s | 数据量: 0.1KB | 总耗时: 0.80s
[2025-08-02 22:53:25] ✅ 测速成功: http://tvbox6.icu/tv/migu.php
   速度: 49.63KB/s | 数据量: 255.6KB | 总耗时: 11.83s
[2025-08-02 22:53:25] ✅ 测速成功: http://tvbox6.icu/tv/migu.php
   速度: 84.45KB/s | 数据量: 448.1KB | 总耗时: 15.73s
[2025-08-02 22:53:26] ✅ 测速成功: http://3gvod.zjgonline.com.cn:1935/live/_definst_/shehuishenghuo_app/chunklist.m3u8
   速度: 0.40KB/s | 数据量: 0.3KB | 总耗时: 1.16s
[2025-08-02 22:53:26] ✅ 测速成功: http://tvbox6.icu/tv/migu.php
   速度: 24.38KB/s | 数据量: 127.1KB | 总耗时: 10.60s
[2025-08-02 22:53:26] ✅ 测速成功: http://3gvod.zjgonline.com.cn:1935/live/shehuishenghuo2/playlist.m3u8
   速度: 0.43KB/s | 数据量: 0.1KB | 总耗时: 1.10s
[2025-08-02 22:53:26] ✅ 测速成功: http://tvbox6.icu/tv/migu.php
   速度: 33.02KB/s | 数据量: 191.1KB | 总耗时: 14.63s
[2025-08-02 22:53:26] ✅ 测速成功: http://tvbox6.icu/tv/migu.php
   速度: 148.98KB/s | 数据量: 772.4KB | 总耗时: 12.55s
[2025-08-02 22:53:26] ✅ 测速成功: http://122.152.202.33/s/81a8a44f/index.m3u8
   速度: 187.50KB/s | 数据量: 0.2KB | 总耗时: 0.85s
[2025-08-02 22:53:27] ✅ 测速成功: http://video.dztv.tv:1935/live/dspd_gq/playlist.m3u8
   速度: 0.41KB/s | 数据量: 0.1KB | 总耗时: 1.65s
[2025-08-02 22:53:27] ✅ 测速成功: http://120.198.101.106:9901/tsfile/live/1008_1.m3u8
   速度: 433.59KB/s | 数据量: 0.4KB | 总耗时: 1.33s
[2025-08-02 22:53:27] ✅ 测速成功: https://live.wjyanghu.com/live/CH2.m3u8
   速度: 264.65KB/s | 数据量: 0.3KB | 总耗时: 1.15s
[2025-08-02 22:53:27] ✅ 测速成功: http://tvbox6.icu/tv/migu.php
   速度: 55.39KB/s | 数据量: 303.6KB | 总耗时: 8.89s
[2025-08-02 22:53:27] ✅ 测速成功: http://live.wjyanghu.com/live/CH1.m3u8
   速度: 264.65KB/s | 数据量: 0.3KB | 总耗时: 1.64s
[2025-08-02 22:53:27] ✅ 测速成功: https://live.wjyanghu.com/live/CH1.m3u8
   速度: 264.65KB/s | 数据量: 0.3KB | 总耗时: 1.70s
[2025-08-02 22:53:27] ✅ 测速成功: http://live.wjyanghu.com/live/CH2.m3u8
   速度: 264.65KB/s | 数据量: 0.3KB | 总耗时: 1.48s
[2025-08-02 22:53:27] ✅ 测速成功: http://dtrmlive.qhdtrm.cn/xnds/sd/live.m3u8
   速度: 371.09KB/s | 数据量: 0.4KB | 总耗时: 0.86s
[2025-08-02 22:53:28] ✅ 测速成功: http://live.dxhmt.cn:9081/tv/10526-1.m3u8
   速度: 0.24KB/s | 数据量: 0.4KB | 总耗时: 2.00s
[2025-08-02 22:53:28] ✅ 测速成功: http://bclivepull.handannews.com.cn/BClive/NewsBroadcast.m3u8
   速度: 514.65KB/s | 数据量: 0.5KB | 总耗时: 1.34s
[2025-08-02 22:53:28] ✅ 测速成功: http://cm-wshls.homecdn.com/live/2aa16.m3u8
   速度: 193.36KB/s | 数据量: 0.2KB | 总耗时: 1.20s
[2025-08-02 22:53:28] ✅ 测速成功: http://gcalic.v.myalicdn.com/gc/ahhs01_1/index.m3u8
   速度: 319.34KB/s | 数据量: 0.3KB | 总耗时: 5.63s
[2025-08-02 22:53:29] ✅ 测速成功: https://tmpstream.hyrtv.cn/hygg/sd/live.m3u8
   速度: 356.45KB/s | 数据量: 0.4KB | 总耗时: 2.77s
[2025-08-02 22:53:29] ✅ 测速成功: http://stream2.jlntv.cn/tonghua1/sd/live.m3u8
   速度: 491.21KB/s | 数据量: 0.5KB | 总耗时: 2.24s
[2025-08-02 22:53:29] ✅ 测速成功: http://stream8.jlntv.cn/cbstv/sd/live.m3u8
   速度: 492.19KB/s | 数据量: 0.5KB | 总耗时: 1.92s
[2025-08-02 22:53:29] ✅ 测速成功: http://zjtv-wshls.homecdn.com/live/2aa16.m3u8
   速度: 195.31KB/s | 数据量: 0.2KB | 总耗时: 2.14s
